[2025-06-12 19:25:01] === 게임 관리 크론잡 시작 ===
[2025-06-12 19:26:01] === 게임 관리 크론잡 시작 ===
[2025-06-12 19:27:01] === 게임 관리 크론잡 시작 ===
[2025-06-12 19:28:01] === 게임 관리 크론잡 시작 ===
[2025-06-12 19:29:01] === 게임 관리 크론잡 시작 ===
[2025-06-12 19:30:01] === 게임 관리 크론잡 시작 ===
[2025-06-12 19:31:01] === 게임 관리 크론잡 시작 ===
[2025-06-12 19:32:01] === 게임 관리 크론잡 시작 ===
[2025-06-12 19:33:01] === 게임 관리 크론잡 시작 ===
[2025-06-12 19:34:01] === 게임 관리 크론잡 시작 ===
[2025-06-12 19:35:01] === 게임 관리 크론잡 시작 ===
[2025-06-12 19:36:01] === 게임 관리 크론잡 시작 ===
[2025-06-12 19:37:01] === 게임 관리 크론잡 시작 ===
[2025-06-12 19:38:01] === 게임 관리 크론잡 시작 ===
[2025-06-12 19:39:01] === 게임 관리 크론잡 시작 ===
[2025-06-12 19:40:02] === 게임 관리 크론잡 시작 ===
[2025-06-12 19:41:01] === 게임 관리 크론잡 시작 ===
[2025-06-12 19:42:01] === 게임 관리 크론잡 시작 ===
[2025-06-12 19:43:01] === 게임 관리 크론잡 시작 ===
[2025-06-12 19:44:01] === 게임 관리 크론잡 시작 ===
[2025-06-12 19:45:01] === 게임 관리 크론잡 시작 ===
[2025-06-12 19:46:01] === 게임 관리 크론잡 시작 ===
[2025-06-12 19:47:01] === 게임 관리 크론잡 시작 ===
[2025-06-12 19:48:01] === 게임 관리 크론잡 시작 ===
[2025-06-12 19:49:01] === 게임 관리 크론잡 시작 ===
[2025-06-12 19:50:01] === 게임 관리 크론잡 시작 ===
[2025-06-12 19:51:01] === 게임 관리 크론잡 시작 ===
[2025-06-12 19:52:01] === 게임 관리 크론잡 시작 ===
[2025-06-12 19:53:01] === 게임 관리 크론잡 시작 ===
[2025-06-12 19:54:01] === 게임 관리 크론잡 시작 ===
[2025-06-12 19:55:01] === 게임 관리 크론잡 시작 ===
[2025-06-12 19:56:01] === 게임 관리 크론잡 시작 ===
[2025-06-12 19:57:01] === 게임 관리 크론잡 시작 ===
[2025-06-12 19:58:01] === 게임 관리 크론잡 시작 ===
[2025-06-12 19:59:01] === 게임 관리 크론잡 시작 ===
[2025-06-12 20:00:01] === 게임 관리 크론잡 시작 ===
[2025-06-12 20:01:01] === 게임 관리 크론잡 시작 ===
[2025-06-12 20:02:01] === 게임 관리 크론잡 시작 ===
[2025-06-12 20:03:01] === 게임 관리 크론잡 시작 ===
[2025-06-12 20:04:01] === 게임 관리 크론잡 시작 ===
[2025-06-12 20:05:01] === 게임 관리 크론잡 시작 ===
[2025-06-12 20:06:01] === 게임 관리 크론잡 시작 ===
[2025-06-12 20:07:01] === 게임 관리 크론잡 시작 ===
[2025-06-12 20:08:01] === 게임 관리 크론잡 시작 ===
[2025-06-12 20:09:01] === 게임 관리 크론잡 시작 ===
[2025-06-12 20:10:01] === 게임 관리 크론잡 시작 ===
[2025-06-12 20:11:01] === 게임 관리 크론잡 시작 ===
[2025-06-12 20:12:01] === 게임 관리 크론잡 시작 ===
[2025-06-12 20:13:01] === 게임 관리 크론잡 시작 ===
[2025-06-12 20:14:01] === 게임 관리 크론잡 시작 ===
[2025-06-12 20:15:01] === 게임 관리 크론잡 시작 ===
[2025-06-12 20:16:01] === 게임 관리 크론잡 시작 ===
[2025-06-12 20:17:01] === 게임 관리 크론잡 시작 ===
[2025-06-12 20:18:01] === 게임 관리 크론잡 시작 ===
[2025-06-12 20:19:01] === 게임 관리 크론잡 시작 ===
[2025-06-12 20:20:01] === 게임 관리 크론잡 시작 ===
[2025-06-12 20:21:01] === 게임 관리 크론잡 시작 ===
[2025-06-12 20:22:01] === 게임 관리 크론잡 시작 ===
[2025-06-12 20:23:01] === 게임 관리 크론잡 시작 ===
[2025-06-12 20:24:01] === 게임 관리 크론잡 시작 ===
[2025-06-12 20:25:01] === 게임 관리 크론잡 시작 ===
[2025-06-12 20:26:01] === 게임 관리 크론잡 시작 ===
[2025-06-12 20:27:01] === 게임 관리 크론잡 시작 ===
[2025-06-12 20:28:01] === 게임 관리 크론잡 시작 ===
[2025-06-12 20:29:01] === 게임 관리 크론잡 시작 ===
[2025-06-12 20:30:01] === 게임 관리 크론잡 시작 ===
[2025-06-12 20:31:01] === 게임 관리 크론잡 시작 ===
[2025-06-12 20:32:01] === 게임 관리 크론잡 시작 ===
[2025-06-12 20:33:01] === 게임 관리 크론잡 시작 ===
[2025-06-12 20:34:01] === 게임 관리 크론잡 시작 ===
[2025-06-12 20:35:01] === 게임 관리 크론잡 시작 ===
[2025-06-12 20:36:01] === 게임 관리 크론잡 시작 ===
[2025-06-12 20:37:01] === 게임 관리 크론잡 시작 ===
[2025-06-12 20:38:01] === 게임 관리 크론잡 시작 ===
[2025-06-12 20:39:01] === 게임 관리 크론잡 시작 ===
[2025-06-12 20:40:01] === 게임 관리 크론잡 시작 ===
[2025-06-12 20:41:01] === 게임 관리 크론잡 시작 ===
[2025-06-12 20:42:01] === 게임 관리 크론잡 시작 ===
[2025-06-12 20:43:01] === 게임 관리 크론잡 시작 ===
[2025-06-12 20:44:01] === 게임 관리 크론잡 시작 ===
[2025-06-12 20:45:01] === 게임 관리 크론잡 시작 ===
[2025-06-12 20:46:01] === 게임 관리 크론잡 시작 ===
[2025-06-12 20:47:01] === 게임 관리 크론잡 시작 ===
[2025-06-12 20:48:01] === 게임 관리 크론잡 시작 ===
[2025-06-12 20:49:01] === 게임 관리 크론잡 시작 ===
[2025-06-12 20:50:01] === 게임 관리 크론잡 시작 ===
[2025-06-12 20:51:01] === 게임 관리 크론잡 시작 ===
[2025-06-12 20:52:01] === 게임 관리 크론잡 시작 ===
[2025-06-12 20:53:01] === 게임 관리 크론잡 시작 ===
[2025-06-12 20:54:01] === 게임 관리 크론잡 시작 ===
[2025-06-12 20:54:01] FATAL ERROR: Call to undefined function sql_query()
[2025-06-12 20:54:01] FATAL ERROR 스택 트레이스: #0 /var/www/html/gnuboard5/game/cron_game_manager.php(66): loadGameConfig()
#1 {main}
[2025-06-12 20:54:01] === 게임 관리 크론잡 종료 ===
[2025-06-12 20:55:01] === 게임 관리 크론잡 시작 ===
[2025-06-12 20:55:01] FATAL ERROR: Call to undefined function sql_query()
[2025-06-12 20:55:01] FATAL ERROR 스택 트레이스: #0 /var/www/html/gnuboard5/game/cron_game_manager.php(66): loadGameConfig()
#1 {main}
[2025-06-12 20:55:01] === 게임 관리 크론잡 종료 ===
[2025-06-12 20:56:01] === 게임 관리 크론잡 시작 ===
[2025-06-12 20:56:01] FATAL ERROR: Call to undefined function sql_query()
[2025-06-12 20:56:01] FATAL ERROR 스택 트레이스: #0 /var/www/html/gnuboard5/game/cron_game_manager.php(66): loadGameConfig()
#1 {main}
[2025-06-12 20:56:01] === 게임 관리 크론잡 종료 ===
[2025-06-12 20:57:01] === 게임 관리 크론잡 시작 ===
[2025-06-12 20:57:01] PHP 버전: 7.4.33
[2025-06-12 20:57:01] 현재 경로: /var/www/html/gnuboard5/game
[2025-06-12 20:57:01] 게임 설정 로드 완료: 8개 설정
[2025-06-12 20:57:01] 현재 시간: 2025-06-12 20:57:01
[2025-06-12 20:57:01] 미처리 베팅 검색 중...
[2025-06-12 20:57:01] 미처리 베팅 없음
[2025-06-12 20:57:01] 현재 진행중인 회차: 29회차 (상태: betting)
[2025-06-12 20:57:01] === 게임 관리 크론잡 종료 ===
[2025-06-12 20:58:01] === 게임 관리 크론잡 시작 ===
[2025-06-12 20:58:01] PHP 버전: 7.4.33
[2025-06-12 20:58:01] 현재 경로: /var/www/html/gnuboard5/game
[2025-06-12 20:58:01] 게임 설정 로드 완료: 8개 설정
[2025-06-12 20:58:01] 현재 시간: 2025-06-12 20:58:01
[2025-06-12 20:58:01] 미처리 베팅 검색 중...
[2025-06-12 20:58:01] 미처리 베팅 없음
[2025-06-12 20:58:01] 현재 진행중인 회차: 29회차 (상태: betting)
[2025-06-12 20:58:01] 29회차 베팅 마감
[2025-06-12 20:58:01] === 게임 관리 크론잡 종료 ===
[2025-06-12 20:59:01] === 게임 관리 크론잡 시작 ===
[2025-06-12 20:59:01] PHP 버전: 7.4.33
[2025-06-12 20:59:01] 현재 경로: /var/www/html/gnuboard5/game
[2025-06-12 20:59:01] 게임 설정 로드 완료: 8개 설정
[2025-06-12 20:59:01] 현재 시간: 2025-06-12 20:59:01
[2025-06-12 20:59:01] 미처리 베팅 검색 중...
[2025-06-12 20:59:01] 미처리 베팅 없음
[2025-06-12 20:59:01] 현재 진행중인 회차: 30회차 (상태: betting)
[2025-06-12 20:59:01] === 게임 관리 크론잡 종료 ===
[2025-06-12 21:00:01] === 게임 관리 크론잡 시작 ===
[2025-06-12 21:00:01] PHP 버전: 7.4.33
[2025-06-12 21:00:01] 현재 경로: /var/www/html/gnuboard5/game
[2025-06-12 21:00:01] 게임 설정 로드 완료: 8개 설정
[2025-06-12 21:00:01] 현재 시간: 2025-06-12 21:00:01
[2025-06-12 21:00:01] 미처리 베팅 검색 중...
[2025-06-12 21:00:01] 미처리 베팅 없음
[2025-06-12 21:00:01] 현재 진행중인 회차: 30회차 (상태: betting)
[2025-06-12 21:00:01] 30회차 베팅 마감
[2025-06-12 21:00:01] === 게임 관리 크론잡 종료 ===
[2025-06-12 21:01:01] === 게임 관리 크론잡 시작 ===
[2025-06-12 21:01:01] PHP 버전: 7.4.33
[2025-06-12 21:01:01] 현재 경로: /var/www/html/gnuboard5/game
[2025-06-12 21:01:01] 게임 설정 로드 완료: 8개 설정
[2025-06-12 21:01:01] 현재 시간: 2025-06-12 21:01:01
[2025-06-12 21:01:01] 미처리 베팅 검색 중...
[2025-06-12 21:01:01] 미처리 베팅 없음
[2025-06-12 21:01:01] 현재 진행중인 회차: 30회차 (상태: waiting)
[2025-06-12 21:01:01] 30회차 결과 발표 시간 도달
[2025-06-12 21:01:01] 회차 완료 처리 시작: 30회차
[2025-06-12 21:01:01] 주사위 결과: 1, 1, 1 = 3 (소 홀)
[2025-06-12 21:01:01] 회차 결과 업데이트 성공
[2025-06-12 21:01:01] 베팅 결과 처리 시작: 30회차
[2025-06-12 21:01:01] 게임 설정 로드 완료: 8개 설정
[2025-06-12 21:01:01] 배율 설정: 대소=1.95, 홀짝=1.95
[2025-06-12 21:01:01] 베팅 처리 완료: 총 0건 처리
[2025-06-12 21:01:01] 베팅 처리 완료: 0건
[2025-06-12 21:01:01] 30회차 완료 및 정산 처리 성공
[2025-06-12 21:01:01] 완료된 회차 감지, 새 회차 생성 시도
[2025-06-12 21:01:01] 새 회차 생성 시작
[2025-06-12 21:01:01] 다음 회차 번호: 31
[2025-06-12 21:01:01] 시간 설정: 시작=2025-06-12 21:01:01, 마감=2025-06-12 21:02:31, 결과=2025-06-12 21:03:01
[2025-06-12 21:01:01] 회차 생성 성공: round_id=31
[2025-06-12 21:01:01] 새 회차 생성 완료: 31회차
[2025-06-12 21:01:01] === 게임 관리 크론잡 종료 ===
[2025-06-12 21:02:01] === 게임 관리 크론잡 시작 ===
[2025-06-12 21:02:01] PHP 버전: 7.4.33
[2025-06-12 21:02:01] 현재 경로: /var/www/html/gnuboard5/game
[2025-06-12 21:02:01] 게임 설정 로드 완료: 8개 설정
[2025-06-12 21:02:01] 현재 시간: 2025-06-12 21:02:01
[2025-06-12 21:02:01] 미처리 베팅 검색 중...
[2025-06-12 21:02:01] 미처리 베팅 없음
[2025-06-12 21:02:01] 현재 진행중인 회차: 31회차 (상태: betting)
[2025-06-12 21:02:01] === 게임 관리 크론잡 종료 ===
[2025-06-12 21:03:01] === 게임 관리 크론잡 시작 ===
[2025-06-12 21:03:01] PHP 버전: 7.4.33
[2025-06-12 21:03:01] 현재 경로: /var/www/html/gnuboard5/game
[2025-06-12 21:03:01] 게임 설정 로드 완료: 8개 설정
[2025-06-12 21:03:01] 현재 시간: 2025-06-12 21:03:01
[2025-06-12 21:03:01] 미처리 베팅 검색 중...
[2025-06-12 21:03:01] 미처리 베팅 없음
[2025-06-12 21:03:01] 현재 진행중인 회차: 31회차 (상태: waiting)
[2025-06-12 21:03:01] 31회차 결과 발표 시간 도달
[2025-06-12 21:03:01] 회차 완료 처리 시작: 31회차
[2025-06-12 21:03:01] 주사위 결과: 4, 5, 5 = 14 (대 짝)
[2025-06-12 21:03:01] 회차 결과 업데이트 성공
[2025-06-12 21:03:01] 베팅 결과 처리 시작: 31회차
[2025-06-12 21:03:01] 게임 설정 로드 완료: 8개 설정
[2025-06-12 21:03:01] 배율 설정: 대소=1.95, 홀짝=1.95
[2025-06-12 21:03:01] 베팅 처리 완료: 총 0건 처리
[2025-06-12 21:03:01] 베팅 처리 완료: 0건
[2025-06-12 21:03:01] 31회차 완료 및 정산 처리 성공
[2025-06-12 21:03:01] 완료된 회차 감지, 새 회차 생성 시도
[2025-06-12 21:03:01] 새 회차 생성 시작
[2025-06-12 21:03:01] 다음 회차 번호: 32
[2025-06-12 21:03:01] 시간 설정: 시작=2025-06-12 21:03:01, 마감=2025-06-12 21:04:31, 결과=2025-06-12 21:05:01
[2025-06-12 21:03:01] 회차 생성 성공: round_id=32
[2025-06-12 21:03:01] 새 회차 생성 완료: 32회차
[2025-06-12 21:03:01] === 게임 관리 크론잡 종료 ===
[2025-06-12 21:04:01] === 게임 관리 크론잡 시작 ===
[2025-06-12 21:04:01] PHP 버전: 7.4.33
[2025-06-12 21:04:01] 현재 경로: /var/www/html/gnuboard5/game
[2025-06-12 21:04:01] 게임 설정 로드 완료: 8개 설정
[2025-06-12 21:04:01] 현재 시간: 2025-06-12 21:04:01
[2025-06-12 21:04:01] 미처리 베팅 검색 중...
[2025-06-12 21:04:01] 미처리 베팅 없음
[2025-06-12 21:04:01] 현재 진행중인 회차: 32회차 (상태: betting)
[2025-06-12 21:04:01] === 게임 관리 크론잡 종료 ===
[2025-06-12 21:05:01] === 게임 관리 크론잡 시작 ===
[2025-06-12 21:05:01] PHP 버전: 7.4.33
[2025-06-12 21:05:01] 현재 경로: /var/www/html/gnuboard5/game
[2025-06-12 21:05:01] 게임 설정 로드 완료: 8개 설정
[2025-06-12 21:05:01] 현재 시간: 2025-06-12 21:05:01
[2025-06-12 21:05:01] 미처리 베팅 검색 중...
[2025-06-12 21:05:01] 미처리 베팅 없음
[2025-06-12 21:05:01] 현재 진행중인 회차: 32회차 (상태: betting)
[2025-06-12 21:05:01] 32회차 베팅 마감
[2025-06-12 21:05:01] === 게임 관리 크론잡 종료 ===
[2025-06-12 21:06:02] === 게임 관리 크론잡 시작 ===
[2025-06-12 21:06:02] PHP 버전: 7.4.33
[2025-06-12 21:06:02] 현재 경로: /var/www/html/gnuboard5/game
[2025-06-12 21:06:02] 게임 설정 로드 완료: 8개 설정
[2025-06-12 21:06:02] 현재 시간: 2025-06-12 21:06:02
[2025-06-12 21:06:02] 미처리 베팅 검색 중...
[2025-06-12 21:06:02] 미처리 베팅 없음
[2025-06-12 21:06:02] 현재 진행중인 회차: 33회차 (상태: betting)
[2025-06-12 21:06:02] === 게임 관리 크론잡 종료 ===
[2025-06-12 21:07:01] === 게임 관리 크론잡 시작 ===
[2025-06-12 21:07:01] PHP 버전: 7.4.33
[2025-06-12 21:07:01] 현재 경로: /var/www/html/gnuboard5/game
[2025-06-12 21:07:01] 게임 설정 로드 완료: 8개 설정
[2025-06-12 21:07:01] 현재 시간: 2025-06-12 21:07:01
[2025-06-12 21:07:01] 미처리 베팅 검색 중...
[2025-06-12 21:07:01] 미처리 베팅 없음
[2025-06-12 21:07:01] 현재 진행중인 회차: 33회차 (상태: betting)
[2025-06-12 21:07:01] 33회차 베팅 마감
[2025-06-12 21:07:01] === 게임 관리 크론잡 종료 ===
[2025-06-12 21:08:01] === 게임 관리 크론잡 시작 ===
[2025-06-12 21:08:01] PHP 버전: 7.4.33
[2025-06-12 21:08:01] 현재 경로: /var/www/html/gnuboard5/game
[2025-06-12 21:08:01] 게임 설정 로드 완료: 8개 설정
[2025-06-12 21:08:01] 현재 시간: 2025-06-12 21:08:01
[2025-06-12 21:08:01] 미처리 베팅 검색 중...
[2025-06-12 21:08:01] 미처리 베팅 없음
[2025-06-12 21:08:01] 현재 진행중인 회차: 34회차 (상태: betting)
[2025-06-12 21:08:01] === 게임 관리 크론잡 종료 ===
[2025-06-12 21:09:01] === 게임 관리 크론잡 시작 ===
[2025-06-12 21:09:01] PHP 버전: 7.4.33
[2025-06-12 21:09:01] 현재 경로: /var/www/html/gnuboard5/game
[2025-06-12 21:09:01] 게임 설정 로드 완료: 8개 설정
[2025-06-12 21:09:01] 현재 시간: 2025-06-12 21:09:01
[2025-06-12 21:09:01] 미처리 베팅 검색 중...
[2025-06-12 21:09:01] 미처리 베팅 없음
[2025-06-12 21:09:01] 현재 진행중인 회차: 34회차 (상태: betting)
[2025-06-12 21:09:01] 34회차 베팅 마감
[2025-06-12 21:09:01] === 게임 관리 크론잡 종료 ===
[2025-06-12 21:10:01] === 게임 관리 크론잡 시작 ===
[2025-06-12 21:10:01] PHP 버전: 7.4.33
[2025-06-12 21:10:01] 현재 경로: /var/www/html/gnuboard5/game
[2025-06-12 21:10:01] 게임 설정 로드 완료: 8개 설정
[2025-06-12 21:10:01] 현재 시간: 2025-06-12 21:10:01
[2025-06-12 21:10:01] 미처리 베팅 검색 중...
[2025-06-12 21:10:01] 미처리 베팅 없음
[2025-06-12 21:10:01] 현재 진행중인 회차: 35회차 (상태: betting)
[2025-06-12 21:10:01] === 게임 관리 크론잡 종료 ===
[2025-06-12 21:11:01] === 게임 관리 크론잡 시작 ===
[2025-06-12 21:11:01] PHP 버전: 7.4.33
[2025-06-12 21:11:01] 현재 경로: /var/www/html/gnuboard5/game
[2025-06-12 21:11:01] 게임 설정 로드 완료: 8개 설정
[2025-06-12 21:11:01] 현재 시간: 2025-06-12 21:11:01
[2025-06-12 21:11:01] 미처리 베팅 검색 중...
[2025-06-12 21:11:01] 미처리 베팅 없음
[2025-06-12 21:11:01] 현재 진행중인 회차: 35회차 (상태: betting)
[2025-06-12 21:11:01] 35회차 베팅 마감
[2025-06-12 21:11:01] === 게임 관리 크론잡 종료 ===
[2025-06-12 21:12:01] === 게임 관리 크론잡 시작 ===
[2025-06-12 21:12:01] PHP 버전: 7.4.33
[2025-06-12 21:12:01] 현재 경로: /var/www/html/gnuboard5/game
[2025-06-12 21:12:01] 게임 설정 로드 완료: 8개 설정
[2025-06-12 21:12:01] 현재 시간: 2025-06-12 21:12:01
[2025-06-12 21:12:01] 미처리 베팅 검색 중...
[2025-06-12 21:12:01] 미처리 베팅 없음
[2025-06-12 21:12:01] 현재 진행중인 회차: 36회차 (상태: betting)
[2025-06-12 21:12:01] === 게임 관리 크론잡 종료 ===
[2025-06-12 21:13:01] === 게임 관리 크론잡 시작 ===
[2025-06-12 21:13:01] PHP 버전: 7.4.33
[2025-06-12 21:13:01] 현재 경로: /var/www/html/gnuboard5/game
[2025-06-12 21:13:01] 게임 설정 로드 완료: 8개 설정
[2025-06-12 21:13:01] 현재 시간: 2025-06-12 21:13:01
[2025-06-12 21:13:01] 미처리 베팅 검색 중...
[2025-06-12 21:13:01] 미처리 베팅 없음
[2025-06-12 21:13:01] 현재 진행중인 회차: 36회차 (상태: betting)
[2025-06-12 21:13:01] === 게임 관리 크론잡 종료 ===
[2025-06-12 21:14:01] === 게임 관리 크론잡 시작 ===
[2025-06-12 21:14:01] PHP 버전: 7.4.33
[2025-06-12 21:14:01] 현재 경로: /var/www/html/gnuboard5/game
[2025-06-12 21:14:01] 게임 설정 로드 완료: 8개 설정
[2025-06-12 21:14:01] 현재 시간: 2025-06-12 21:14:01
[2025-06-12 21:14:01] 미처리 베팅 검색 중...
[2025-06-12 21:14:01] 미처리 베팅 없음
[2025-06-12 21:14:01] 현재 진행중인 회차: 37회차 (상태: betting)
[2025-06-12 21:14:01] === 게임 관리 크론잡 종료 ===
[2025-06-12 21:15:01] === 게임 관리 크론잡 시작 ===
[2025-06-12 21:15:01] PHP 버전: 7.4.33
[2025-06-12 21:15:01] 현재 경로: /var/www/html/gnuboard5/game
[2025-06-12 21:15:01] 게임 설정 로드 완료: 8개 설정
[2025-06-12 21:15:01] 현재 시간: 2025-06-12 21:15:01
[2025-06-12 21:15:01] 미처리 베팅 검색 중...
[2025-06-12 21:15:01] 미처리 베팅 없음
[2025-06-12 21:15:01] 현재 진행중인 회차: 37회차 (상태: betting)
[2025-06-12 21:15:01] === 게임 관리 크론잡 종료 ===
[2025-06-12 21:16:01] === 게임 관리 크론잡 시작 ===
[2025-06-12 21:16:01] PHP 버전: 7.4.33
[2025-06-12 21:16:01] 현재 경로: /var/www/html/gnuboard5/game
[2025-06-12 21:16:01] 게임 설정 로드 완료: 8개 설정
[2025-06-12 21:16:01] 현재 시간: 2025-06-12 21:16:01
[2025-06-12 21:16:01] 미처리 베팅 검색 중...
[2025-06-12 21:16:01] 미처리 베팅 없음
[2025-06-12 21:16:01] 현재 진행중인 회차: 38회차 (상태: betting)
[2025-06-12 21:16:01] === 게임 관리 크론잡 종료 ===
[2025-06-12 21:17:01] === 게임 관리 크론잡 시작 ===
[2025-06-12 21:17:01] PHP 버전: 7.4.33
[2025-06-12 21:17:01] 현재 경로: /var/www/html/gnuboard5/game
[2025-06-12 21:17:01] 게임 설정 로드 완료: 8개 설정
[2025-06-12 21:17:01] 현재 시간: 2025-06-12 21:17:01
[2025-06-12 21:17:01] 미처리 베팅 검색 중...
[2025-06-12 21:17:01] 미처리 베팅 없음
[2025-06-12 21:17:01] 현재 진행중인 회차: 38회차 (상태: betting)
[2025-06-12 21:17:01] === 게임 관리 크론잡 종료 ===
[2025-06-12 21:18:01] === 게임 관리 크론잡 시작 ===
[2025-06-12 21:18:01] PHP 버전: 7.4.33
[2025-06-12 21:18:01] 현재 경로: /var/www/html/gnuboard5/game
[2025-06-12 21:18:01] 게임 설정 로드 완료: 8개 설정
[2025-06-12 21:18:01] 현재 시간: 2025-06-12 21:18:01
[2025-06-12 21:18:01] 미처리 베팅 검색 중...
[2025-06-12 21:18:01] 미처리 베팅 없음
[2025-06-12 21:18:01] 현재 진행중인 회차: 38회차 (상태: betting)
[2025-06-12 21:18:01] 38회차 베팅 마감
[2025-06-12 21:18:01] === 게임 관리 크론잡 종료 ===
[2025-06-12 21:19:01] === 게임 관리 크론잡 시작 ===
[2025-06-12 21:19:01] PHP 버전: 7.4.33
[2025-06-12 21:19:01] 현재 경로: /var/www/html/gnuboard5/game
[2025-06-12 21:19:01] 게임 설정 로드 완료: 8개 설정
[2025-06-12 21:19:01] 현재 시간: 2025-06-12 21:19:01
[2025-06-12 21:19:01] 미처리 베팅 검색 중...
[2025-06-12 21:19:01] 미처리 베팅 없음
[2025-06-12 21:19:01] 현재 진행중인 회차: 38회차 (상태: waiting)
[2025-06-12 21:19:01] 38회차 결과 발표 시간 도달
[2025-06-12 21:19:01] 회차 완료 처리 시작: 38회차
[2025-06-12 21:19:01] 주사위 결과: 5, 4, 2 = 11 (대 홀)
[2025-06-12 21:19:01] 회차 결과 업데이트 성공
[2025-06-12 21:19:01] 베팅 결과 처리 시작: 38회차
[2025-06-12 21:19:01] 게임 설정 로드 완료: 8개 설정
[2025-06-12 21:19:01] 배율 설정: 대소=1.95, 홀짝=1.95
[2025-06-12 21:19:01] 베팅 처리 완료: 총 0건 처리
[2025-06-12 21:19:01] 베팅 처리 완료: 0건
[2025-06-12 21:19:01] 38회차 완료 및 정산 처리 성공
[2025-06-12 21:19:01] 완료된 회차 감지, 새 회차 생성 시도
[2025-06-12 21:19:01] 새 회차 생성 시작
[2025-06-12 21:19:01] 다음 회차 번호: 39
[2025-06-12 21:19:01] 시간 설정: 시작=2025-06-12 21:19:01, 마감=2025-06-12 21:20:31, 결과=2025-06-12 21:21:01
[2025-06-12 21:19:01] 회차 생성 성공: round_id=39
[2025-06-12 21:19:01] 새 회차 생성 완료: 39회차
[2025-06-12 21:19:01] === 게임 관리 크론잡 종료 ===
[2025-06-12 21:20:01] === 게임 관리 크론잡 시작 ===
[2025-06-12 21:20:01] PHP 버전: 7.4.33
[2025-06-12 21:20:01] 현재 경로: /var/www/html/gnuboard5/game
[2025-06-12 21:20:01] 게임 설정 로드 완료: 8개 설정
[2025-06-12 21:20:01] 현재 시간: 2025-06-12 21:20:01
[2025-06-12 21:20:01] 미처리 베팅 검색 중...
[2025-06-12 21:20:01] 미처리 베팅 없음
[2025-06-12 21:20:01] 현재 진행중인 회차: 39회차 (상태: betting)
[2025-06-12 21:20:01] === 게임 관리 크론잡 종료 ===
[2025-06-12 21:21:01] === 게임 관리 크론잡 시작 ===
[2025-06-12 21:21:01] PHP 버전: 7.4.33
[2025-06-12 21:21:01] 현재 경로: /var/www/html/gnuboard5/game
[2025-06-12 21:21:01] 게임 설정 로드 완료: 8개 설정
[2025-06-12 21:21:01] 현재 시간: 2025-06-12 21:21:01
[2025-06-12 21:21:01] 미처리 베팅 검색 중...
[2025-06-12 21:21:01] 미처리 베팅 없음
[2025-06-12 21:21:01] 현재 진행중인 회차: 39회차 (상태: betting)
[2025-06-12 21:21:01] 39회차 베팅 마감
[2025-06-12 21:21:01] === 게임 관리 크론잡 종료 ===
[2025-06-12 21:22:01] === 게임 관리 크론잡 시작 ===
[2025-06-12 21:22:01] PHP 버전: 7.4.33
[2025-06-12 21:22:01] 현재 경로: /var/www/html/gnuboard5/game
[2025-06-12 21:22:01] 게임 설정 로드 완료: 8개 설정
[2025-06-12 21:22:01] 현재 시간: 2025-06-12 21:22:01
[2025-06-12 21:22:01] 미처리 베팅 검색 중...
[2025-06-12 21:22:01] 미처리 베팅 없음
[2025-06-12 21:22:01] 현재 진행중인 회차: 39회차 (상태: waiting)
[2025-06-12 21:22:01] 39회차 결과 발표 시간 도달
[2025-06-12 21:22:01] 회차 완료 처리 시작: 39회차
[2025-06-12 21:22:01] 주사위 결과: 2, 4, 6 = 12 (대 짝)
[2025-06-12 21:22:01] 회차 결과 업데이트 성공
[2025-06-12 21:22:01] 베팅 결과 처리 시작: 39회차
[2025-06-12 21:22:01] 게임 설정 로드 완료: 8개 설정
[2025-06-12 21:22:01] 배율 설정: 대소=1.95, 홀짝=1.95
[2025-06-12 21:22:01] 베팅 처리 완료: 총 0건 처리
[2025-06-12 21:22:01] 베팅 처리 완료: 0건
[2025-06-12 21:22:01] 39회차 완료 및 정산 처리 성공
[2025-06-12 21:22:01] 완료된 회차 감지, 새 회차 생성 시도
[2025-06-12 21:22:01] 새 회차 생성 시작
[2025-06-12 21:22:01] 다음 회차 번호: 40
[2025-06-12 21:22:01] 시간 설정: 시작=2025-06-12 21:22:01, 마감=2025-06-12 21:23:31, 결과=2025-06-12 21:24:01
[2025-06-12 21:22:01] 회차 생성 성공: round_id=40
[2025-06-12 21:22:01] 새 회차 생성 완료: 40회차
[2025-06-12 21:22:01] === 게임 관리 크론잡 종료 ===
[2025-06-12 21:23:01] === 게임 관리 크론잡 시작 ===
[2025-06-12 21:23:01] PHP 버전: 7.4.33
[2025-06-12 21:23:01] 현재 경로: /var/www/html/gnuboard5/game
[2025-06-12 21:23:01] 게임 설정 로드 완료: 8개 설정
[2025-06-12 21:23:01] 현재 시간: 2025-06-12 21:23:01
[2025-06-12 21:23:01] 미처리 베팅 검색 중...
[2025-06-12 21:23:01] 미처리 베팅 없음
[2025-06-12 21:23:01] 현재 진행중인 회차: 40회차 (상태: betting)
[2025-06-12 21:23:01] === 게임 관리 크론잡 종료 ===
[2025-06-12 21:24:01] === 게임 관리 크론잡 시작 ===
[2025-06-12 21:24:01] PHP 버전: 7.4.33
[2025-06-12 21:24:01] 현재 경로: /var/www/html/gnuboard5/game
[2025-06-12 21:24:01] 게임 설정 로드 완료: 8개 설정
[2025-06-12 21:24:01] 현재 시간: 2025-06-12 21:24:01
[2025-06-12 21:24:01] 미처리 베팅 검색 중...
[2025-06-12 21:24:01] 미처리 베팅 없음
[2025-06-12 21:24:01] 현재 진행중인 회차: 40회차 (상태: betting)
[2025-06-12 21:24:01] 40회차 베팅 마감
[2025-06-12 21:24:01] === 게임 관리 크론잡 종료 ===
[2025-06-12 21:25:02] === 게임 관리 크론잡 시작 ===
[2025-06-12 21:25:02] PHP 버전: 7.4.33
[2025-06-12 21:25:02] 현재 경로: /var/www/html/gnuboard5/game
[2025-06-12 21:25:02] 게임 설정 로드 완료: 8개 설정
[2025-06-12 21:25:02] 현재 시간: 2025-06-12 21:25:02
[2025-06-12 21:25:02] 미처리 베팅 검색 중...
[2025-06-12 21:25:02] 미처리 베팅 없음
[2025-06-12 21:25:02] 현재 진행중인 회차: 41회차 (상태: betting)
[2025-06-12 21:25:02] === 게임 관리 크론잡 종료 ===
[2025-06-12 21:26:01] === 게임 관리 크론잡 시작 ===
[2025-06-12 21:26:01] PHP 버전: 7.4.33
[2025-06-12 21:26:01] 현재 경로: /var/www/html/gnuboard5/game
[2025-06-12 21:26:01] 게임 설정 로드 완료: 8개 설정
[2025-06-12 21:26:01] 현재 시간: 2025-06-12 21:26:01
[2025-06-12 21:26:01] 미처리 베팅 검색 중...
[2025-06-12 21:26:01] 미처리 베팅 없음
[2025-06-12 21:26:01] 현재 진행중인 회차: 41회차 (상태: betting)
[2025-06-12 21:26:01] === 게임 관리 크론잡 종료 ===
[2025-06-12 21:27:01] === 게임 관리 크론잡 시작 ===
[2025-06-12 21:27:01] PHP 버전: 7.4.33
[2025-06-12 21:27:01] 현재 경로: /var/www/html/gnuboard5/game
[2025-06-12 21:27:01] 게임 설정 로드 완료: 8개 설정
[2025-06-12 21:27:01] 현재 시간: 2025-06-12 21:27:01
[2025-06-12 21:27:01] 미처리 베팅 검색 중...
[2025-06-12 21:27:01] 미처리 베팅 없음
[2025-06-12 21:27:01] 현재 진행중인 회차: 41회차 (상태: betting)
[2025-06-12 21:27:01] 41회차 베팅 마감
[2025-06-12 21:27:01] === 게임 관리 크론잡 종료 ===
[2025-06-12 21:28:01] === 게임 관리 크론잡 시작 ===
[2025-06-12 21:28:01] PHP 버전: 7.4.33
[2025-06-12 21:28:01] 현재 경로: /var/www/html/gnuboard5/game
[2025-06-12 21:28:01] 게임 설정 로드 완료: 8개 설정
[2025-06-12 21:28:01] 현재 시간: 2025-06-12 21:28:01
[2025-06-12 21:28:01] 미처리 베팅 검색 중...
[2025-06-12 21:28:01] 미처리 베팅 없음
[2025-06-12 21:28:01] 현재 진행중인 회차: 42회차 (상태: betting)
[2025-06-12 21:28:01] === 게임 관리 크론잡 종료 ===
[2025-06-12 21:29:01] === 게임 관리 크론잡 시작 ===
[2025-06-12 21:29:01] PHP 버전: 7.4.33
[2025-06-12 21:29:01] 현재 경로: /var/www/html/gnuboard5/game
[2025-06-12 21:29:01] 게임 설정 로드 완료: 8개 설정
[2025-06-12 21:29:01] 현재 시간: 2025-06-12 21:29:01
[2025-06-12 21:29:01] 미처리 베팅 검색 중...
[2025-06-12 21:29:01] 미처리 베팅 없음
[2025-06-12 21:29:01] 현재 진행중인 회차: 42회차 (상태: betting)
[2025-06-12 21:29:01] 42회차 베팅 마감
[2025-06-12 21:29:01] === 게임 관리 크론잡 종료 ===
[2025-06-12 21:30:01] === 게임 관리 크론잡 시작 ===
[2025-06-12 21:30:01] PHP 버전: 7.4.33
[2025-06-12 21:30:01] 현재 경로: /var/www/html/gnuboard5/game
[2025-06-12 21:30:01] 게임 설정 로드 완료: 8개 설정
[2025-06-12 21:30:01] 현재 시간: 2025-06-12 21:30:01
[2025-06-12 21:30:01] 미처리 베팅 검색 중...
[2025-06-12 21:30:01] 미처리 베팅 없음
[2025-06-12 21:30:01] 현재 진행중인 회차: 42회차 (상태: waiting)
[2025-06-12 21:30:01] 42회차 결과 발표 시간 도달
[2025-06-12 21:30:01] 회차 완료 처리 시작: 42회차
[2025-06-12 21:30:01] 주사위 결과: 2, 3, 5 = 10 (소 짝)
[2025-06-12 21:30:01] 회차 결과 업데이트 성공
[2025-06-12 21:30:01] 베팅 결과 처리 시작: 42회차
[2025-06-12 21:30:01] 게임 설정 로드 완료: 8개 설정
[2025-06-12 21:30:01] 배율 설정: 대소=1.95, 홀짝=1.95
[2025-06-12 21:30:01] 베팅 처리 완료: 총 0건 처리
[2025-06-12 21:30:01] 베팅 처리 완료: 0건
[2025-06-12 21:30:01] 42회차 완료 및 정산 처리 성공
[2025-06-12 21:30:01] 완료된 회차 감지, 새 회차 생성 시도
[2025-06-12 21:30:01] 새 회차 생성 시작
[2025-06-12 21:30:01] 다음 회차 번호: 43
[2025-06-12 21:30:01] 시간 설정: 시작=2025-06-12 21:30:01, 마감=2025-06-12 21:31:31, 결과=2025-06-12 21:32:01
[2025-06-12 21:30:01] 회차 생성 성공: round_id=43
[2025-06-12 21:30:01] 새 회차 생성 완료: 43회차
[2025-06-12 21:30:01] === 게임 관리 크론잡 종료 ===
[2025-06-12 21:31:01] === 게임 관리 크론잡 시작 ===
[2025-06-12 21:31:01] PHP 버전: 7.4.33
[2025-06-12 21:31:01] 현재 경로: /var/www/html/gnuboard5/game
[2025-06-12 21:31:01] 게임 설정 로드 완료: 8개 설정
[2025-06-12 21:31:01] 현재 시간: 2025-06-12 21:31:01
[2025-06-12 21:31:01] 미처리 베팅 검색 중...
[2025-06-12 21:31:01] 미처리 베팅 없음
[2025-06-12 21:31:01] 현재 진행중인 회차: 43회차 (상태: betting)
[2025-06-12 21:31:01] === 게임 관리 크론잡 종료 ===
[2025-06-12 21:32:01] === 게임 관리 크론잡 시작 ===
[2025-06-12 21:32:01] PHP 버전: 7.4.33
[2025-06-12 21:32:01] 현재 경로: /var/www/html/gnuboard5/game
[2025-06-12 21:32:01] 게임 설정 로드 완료: 8개 설정
[2025-06-12 21:32:01] 현재 시간: 2025-06-12 21:32:01
[2025-06-12 21:32:01] 미처리 베팅 검색 중...
[2025-06-12 21:32:01] 미처리 베팅 없음
[2025-06-12 21:32:01] 현재 진행중인 회차: 43회차 (상태: betting)
[2025-06-12 21:32:01] 43회차 베팅 마감
[2025-06-12 21:32:01] === 게임 관리 크론잡 종료 ===
[2025-06-12 21:33:01] === 게임 관리 크론잡 시작 ===
[2025-06-12 21:33:01] PHP 버전: 7.4.33
[2025-06-12 21:33:01] 현재 경로: /var/www/html/gnuboard5/game
[2025-06-12 21:33:01] 게임 설정 로드 완료: 8개 설정
[2025-06-12 21:33:01] 현재 시간: 2025-06-12 21:33:01
[2025-06-12 21:33:01] 미처리 베팅 검색 중...
[2025-06-12 21:33:01] 미처리 베팅 없음
[2025-06-12 21:33:01] 현재 진행중인 회차: 44회차 (상태: betting)
[2025-06-12 21:33:01] === 게임 관리 크론잡 종료 ===
[2025-06-12 21:34:01] === 게임 관리 크론잡 시작 ===
[2025-06-12 21:34:01] PHP 버전: 7.4.33
[2025-06-12 21:34:01] 현재 경로: /var/www/html/gnuboard5/game
[2025-06-12 21:34:01] 게임 설정 로드 완료: 8개 설정
[2025-06-12 21:34:01] 현재 시간: 2025-06-12 21:34:01
[2025-06-12 21:34:01] 미처리 베팅 검색 중...
[2025-06-12 21:34:01] 미처리 베팅 없음
[2025-06-12 21:34:01] 현재 진행중인 회차: 44회차 (상태: betting)
[2025-06-12 21:34:01] === 게임 관리 크론잡 종료 ===
[2025-06-12 21:35:01] === 게임 관리 크론잡 시작 ===
[2025-06-12 21:35:01] PHP 버전: 7.4.33
[2025-06-12 21:35:01] 현재 경로: /var/www/html/gnuboard5/game
[2025-06-12 21:35:01] 게임 설정 로드 완료: 8개 설정
[2025-06-12 21:35:01] 현재 시간: 2025-06-12 21:35:01
[2025-06-12 21:35:01] 미처리 베팅 검색 중...
[2025-06-12 21:35:01] 미처리 베팅 없음
[2025-06-12 21:35:01] 현재 진행중인 회차: 44회차 (상태: betting)
[2025-06-12 21:35:01] 44회차 베팅 마감
[2025-06-12 21:35:01] === 게임 관리 크론잡 종료 ===
[2025-06-12 21:36:01] === 게임 관리 크론잡 시작 ===
[2025-06-12 21:36:01] PHP 버전: 7.4.33
[2025-06-12 21:36:01] 현재 경로: /var/www/html/gnuboard5/game
[2025-06-12 21:36:01] 게임 설정 로드 완료: 8개 설정
[2025-06-12 21:36:01] 현재 시간: 2025-06-12 21:36:01
[2025-06-12 21:36:01] 미처리 베팅 검색 중...
[2025-06-12 21:36:01] 미처리 베팅 없음
[2025-06-12 21:36:01] 현재 진행중인 회차: 44회차 (상태: waiting)
[2025-06-12 21:36:01] 44회차 결과 발표 시간 도달
[2025-06-12 21:36:01] 회차 완료 처리 시작: 44회차
[2025-06-12 21:36:01] 주사위 결과: 1, 4, 3 = 8 (소 짝)
[2025-06-12 21:36:01] 회차 결과 업데이트 성공
[2025-06-12 21:36:01] 베팅 결과 처리 시작: 44회차
[2025-06-12 21:36:01] 게임 설정 로드 완료: 8개 설정
[2025-06-12 21:36:01] 배율 설정: 대소=1.95, 홀짝=1.95
[2025-06-12 21:36:01] 베팅 처리 완료: 총 0건 처리
[2025-06-12 21:36:01] 베팅 처리 완료: 0건
[2025-06-12 21:36:01] 44회차 완료 및 정산 처리 성공
[2025-06-12 21:36:01] 완료된 회차 감지, 새 회차 생성 시도
[2025-06-12 21:36:01] 새 회차 생성 시작
[2025-06-12 21:36:01] 다음 회차 번호: 45
[2025-06-12 21:36:01] 시간 설정: 시작=2025-06-12 21:36:01, 마감=2025-06-12 21:37:31, 결과=2025-06-12 21:38:01
[2025-06-12 21:36:01] 회차 생성 성공: round_id=45
[2025-06-12 21:36:01] 새 회차 생성 완료: 45회차
[2025-06-12 21:36:01] === 게임 관리 크론잡 종료 ===
[2025-06-12 21:37:01] === 게임 관리 크론잡 시작 ===
[2025-06-12 21:37:01] PHP 버전: 7.4.33
[2025-06-12 21:37:01] 현재 경로: /var/www/html/gnuboard5/game
[2025-06-12 21:37:01] 게임 설정 로드 완료: 12개 설정
[2025-06-12 21:37:01] 현재 시간: 2025-06-12 21:37:01
[2025-06-12 21:37:01] 미처리 베팅 검색 중...
[2025-06-12 21:37:01] 미처리 베팅 없음
[2025-06-12 21:37:01] 현재 진행중인 회차: 45회차 (상태: betting)
[2025-06-12 21:37:01] === 게임 관리 크론잡 종료 ===
[2025-06-12 21:38:01] === 게임 관리 크론잡 시작 ===
[2025-06-12 21:38:01] PHP 버전: 7.4.33
[2025-06-12 21:38:01] 현재 경로: /var/www/html/gnuboard5/game
[2025-06-12 21:38:01] 게임 설정 로드 완료: 12개 설정
[2025-06-12 21:38:01] 현재 시간: 2025-06-12 21:38:01
[2025-06-12 21:38:01] 미처리 베팅 검색 중...
[2025-06-12 21:38:01] 미처리 베팅 없음
[2025-06-12 21:38:01] 현재 진행중인 회차: 45회차 (상태: betting)
[2025-06-12 21:38:01] 45회차 베팅 마감
[2025-06-12 21:38:01] === 게임 관리 크론잡 종료 ===
[2025-06-12 21:39:01] === 게임 관리 크론잡 시작 ===
[2025-06-12 21:39:01] PHP 버전: 7.4.33
[2025-06-12 21:39:01] 현재 경로: /var/www/html/gnuboard5/game
[2025-06-12 21:39:01] 게임 설정 로드 완료: 12개 설정
[2025-06-12 21:39:01] 현재 시간: 2025-06-12 21:39:01
[2025-06-12 21:39:01] 미처리 베팅 검색 중...
[2025-06-12 21:39:01] 미처리 베팅 없음
[2025-06-12 21:39:01] 현재 진행중인 회차: 45회차 (상태: waiting)
[2025-06-12 21:39:01] 45회차 결과 발표 시간 도달
[2025-06-12 21:39:01] 회차 완료 처리 시작: 45회차
[2025-06-12 21:39:01] 주사위 결과: 1, 6, 6 = 13 (대 홀)
[2025-06-12 21:39:01] 회차 결과 업데이트 성공
[2025-06-12 21:39:01] 베팅 결과 처리 시작: 45회차
[2025-06-12 21:39:01] 게임 설정 로드 완료: 12개 설정
[2025-06-12 21:39:01] 배율 설정: 대소=1.95, 홀짝=1.95
[2025-06-12 21:39:01] 베팅 처리 완료: 총 0건 처리
[2025-06-12 21:39:01] 베팅 처리 완료: 0건
[2025-06-12 21:39:01] 45회차 완료 및 정산 처리 성공
[2025-06-12 21:39:01] 완료된 회차 감지, 새 회차 생성 시도
[2025-06-12 21:39:01] 새 회차 생성 시작
[2025-06-12 21:39:01] 다음 회차 번호: 46
[2025-06-12 21:39:01] 시간 설정: 시작=2025-06-12 21:39:01, 마감=2025-06-12 21:40:31, 결과=2025-06-12 21:41:01
[2025-06-12 21:39:01] 회차 생성 성공: round_id=46
[2025-06-12 21:39:01] 새 회차 생성 완료: 46회차
[2025-06-12 21:39:01] === 게임 관리 크론잡 종료 ===
[2025-06-12 21:40:01] === 게임 관리 크론잡 시작 ===
[2025-06-12 21:40:01] PHP 버전: 7.4.33
[2025-06-12 21:40:01] 현재 경로: /var/www/html/gnuboard5/game
[2025-06-12 21:40:01] 게임 설정 로드 완료: 12개 설정
[2025-06-12 21:40:01] 현재 시간: 2025-06-12 21:40:01
[2025-06-12 21:40:01] 미처리 베팅 검색 중...
[2025-06-12 21:40:01] 미처리 베팅 없음
[2025-06-12 21:40:01] 현재 진행중인 회차: 46회차 (상태: betting)
[2025-06-12 21:40:01] === 게임 관리 크론잡 종료 ===
[2025-06-12 21:41:01] === 게임 관리 크론잡 시작 ===
[2025-06-12 21:41:01] PHP 버전: 7.4.33
[2025-06-12 21:41:01] 현재 경로: /var/www/html/gnuboard5/game
[2025-06-12 21:41:01] 게임 설정 로드 완료: 12개 설정
[2025-06-12 21:41:01] 현재 시간: 2025-06-12 21:41:01
[2025-06-12 21:41:01] 미처리 베팅 검색 중...
[2025-06-12 21:41:01] 미처리 베팅 없음
[2025-06-12 21:41:01] 현재 진행중인 회차: 46회차 (상태: betting)
[2025-06-12 21:41:01] 46회차 베팅 마감
[2025-06-12 21:41:01] === 게임 관리 크론잡 종료 ===
[2025-06-12 21:42:01] === 게임 관리 크론잡 시작 ===
[2025-06-12 21:42:01] PHP 버전: 7.4.33
[2025-06-12 21:42:01] 현재 경로: /var/www/html/gnuboard5/game
[2025-06-12 21:42:01] 게임 설정 로드 완료: 12개 설정
[2025-06-12 21:42:01] 현재 시간: 2025-06-12 21:42:01
[2025-06-12 21:42:01] 미처리 베팅 검색 중...
[2025-06-12 21:42:01] 미처리 베팅 없음
[2025-06-12 21:42:01] 현재 진행중인 회차: 46회차 (상태: waiting)
[2025-06-12 21:42:01] 46회차 결과 발표 시간 도달
[2025-06-12 21:42:01] 회차 완료 처리 시작: 46회차
[2025-06-12 21:42:01] 주사위 결과: 2, 5, 1 = 8 (소 짝)
[2025-06-12 21:42:01] 회차 결과 업데이트 성공
[2025-06-12 21:42:01] 베팅 결과 처리 시작: 46회차
[2025-06-12 21:42:01] 게임 설정 로드 완료: 12개 설정
[2025-06-12 21:42:01] 배율 설정: 대소=1.95, 홀짝=1.95
[2025-06-12 21:42:01] 베팅 처리 완료: 총 0건 처리
[2025-06-12 21:42:01] 베팅 처리 완료: 0건
[2025-06-12 21:42:01] 46회차 완료 및 정산 처리 성공
[2025-06-12 21:42:01] 완료된 회차 감지, 새 회차 생성 시도
[2025-06-12 21:42:01] 새 회차 생성 시작
[2025-06-12 21:42:01] 다음 회차 번호: 47
[2025-06-12 21:42:01] 시간 설정: 시작=2025-06-12 21:42:01, 마감=2025-06-12 21:43:31, 결과=2025-06-12 21:44:01
[2025-06-12 21:42:01] 회차 생성 성공: round_id=47
[2025-06-12 21:42:01] 새 회차 생성 완료: 47회차
[2025-06-12 21:42:01] === 게임 관리 크론잡 종료 ===
[2025-06-12 21:43:02] === 게임 관리 크론잡 시작 ===
[2025-06-12 21:43:02] PHP 버전: 7.4.33
[2025-06-12 21:43:02] 현재 경로: /var/www/html/gnuboard5/game
[2025-06-12 21:43:02] 게임 설정 로드 완료: 12개 설정
[2025-06-12 21:43:02] 현재 시간: 2025-06-12 21:43:02
[2025-06-12 21:43:02] 미처리 베팅 검색 중...
[2025-06-12 21:43:02] 미처리 베팅 없음
[2025-06-12 21:43:02] 현재 진행중인 회차: 47회차 (상태: betting)
[2025-06-12 21:43:02] === 게임 관리 크론잡 종료 ===
[2025-06-12 21:44:01] === 게임 관리 크론잡 시작 ===
[2025-06-12 21:44:01] PHP 버전: 7.4.33
[2025-06-12 21:44:01] 현재 경로: /var/www/html/gnuboard5/game
[2025-06-12 21:44:01] 게임 설정 로드 완료: 12개 설정
[2025-06-12 21:44:01] 현재 시간: 2025-06-12 21:44:01
[2025-06-12 21:44:01] 미처리 베팅 검색 중...
[2025-06-12 21:44:01] 미처리 베팅 없음
[2025-06-12 21:44:01] 현재 진행중인 회차: 47회차 (상태: betting)
[2025-06-12 21:44:01] 47회차 베팅 마감
[2025-06-12 21:44:01] === 게임 관리 크론잡 종료 ===
[2025-06-12 21:45:01] === 게임 관리 크론잡 시작 ===
[2025-06-12 21:45:01] PHP 버전: 7.4.33
[2025-06-12 21:45:01] 현재 경로: /var/www/html/gnuboard5/game
[2025-06-12 21:45:01] 게임 설정 로드 완료: 12개 설정
[2025-06-12 21:45:01] 현재 시간: 2025-06-12 21:45:01
[2025-06-12 21:45:01] 미처리 베팅 검색 중...
[2025-06-12 21:45:01] 미처리 베팅 없음
[2025-06-12 21:45:01] 현재 진행중인 회차: 47회차 (상태: waiting)
[2025-06-12 21:45:01] 47회차 결과 발표 시간 도달
[2025-06-12 21:45:01] 회차 완료 처리 시작: 47회차
[2025-06-12 21:45:01] 주사위 결과: 4, 5, 6 = 15 (대 홀)
[2025-06-12 21:45:01] 회차 결과 업데이트 성공
[2025-06-12 21:45:01] 베팅 결과 처리 시작: 47회차
[2025-06-12 21:45:01] 게임 설정 로드 완료: 12개 설정
[2025-06-12 21:45:01] 배율 설정: 대소=1.95, 홀짝=1.95
[2025-06-12 21:45:01] 베팅 처리 완료: 총 0건 처리
[2025-06-12 21:45:01] 베팅 처리 완료: 0건
[2025-06-12 21:45:01] 47회차 완료 및 정산 처리 성공
[2025-06-12 21:45:01] 완료된 회차 감지, 새 회차 생성 시도
[2025-06-12 21:45:01] 새 회차 생성 시작
[2025-06-12 21:45:01] 다음 회차 번호: 48
[2025-06-12 21:45:01] 시간 설정: 시작=2025-06-12 21:45:01, 마감=2025-06-12 21:46:31, 결과=2025-06-12 21:47:01
[2025-06-12 21:45:01] 회차 생성 성공: round_id=48
[2025-06-12 21:45:01] 새 회차 생성 완료: 48회차
[2025-06-12 21:45:01] === 게임 관리 크론잡 종료 ===
[2025-06-12 21:46:01] === 게임 관리 크론잡 시작 ===
[2025-06-12 21:46:01] PHP 버전: 7.4.33
[2025-06-12 21:46:01] 현재 경로: /var/www/html/gnuboard5/game
[2025-06-12 21:46:01] 게임 설정 로드 완료: 12개 설정
[2025-06-12 21:46:01] 현재 시간: 2025-06-12 21:46:01
[2025-06-12 21:46:01] 미처리 베팅 검색 중...
[2025-06-12 21:46:01] 미처리 베팅 없음
[2025-06-12 21:46:01] 현재 진행중인 회차: 48회차 (상태: betting)
[2025-06-12 21:46:01] === 게임 관리 크론잡 종료 ===
[2025-06-12 21:47:01] === 게임 관리 크론잡 시작 ===
[2025-06-12 21:47:01] PHP 버전: 7.4.33
[2025-06-12 21:47:01] 현재 경로: /var/www/html/gnuboard5/game
[2025-06-12 21:47:01] 게임 설정 로드 완료: 12개 설정
[2025-06-12 21:47:01] 현재 시간: 2025-06-12 21:47:01
[2025-06-12 21:47:01] 미처리 베팅 검색 중...
[2025-06-12 21:47:01] 미처리 베팅 없음
[2025-06-12 21:47:01] 현재 진행중인 회차: 48회차 (상태: betting)
[2025-06-12 21:47:01] 48회차 베팅 마감
[2025-06-12 21:47:01] === 게임 관리 크론잡 종료 ===
[2025-06-12 21:48:01] === 게임 관리 크론잡 시작 ===
[2025-06-12 21:48:01] PHP 버전: 7.4.33
[2025-06-12 21:48:01] 현재 경로: /var/www/html/gnuboard5/game
[2025-06-12 21:48:01] 게임 설정 로드 완료: 12개 설정
[2025-06-12 21:48:01] 현재 시간: 2025-06-12 21:48:01
[2025-06-12 21:48:01] 미처리 베팅 검색 중...
[2025-06-12 21:48:01] 미처리 베팅 없음
[2025-06-12 21:48:01] 현재 진행중인 회차: 48회차 (상태: waiting)
[2025-06-12 21:48:01] 48회차 결과 발표 시간 도달
[2025-06-12 21:48:01] 회차 완료 처리 시작: 48회차
[2025-06-12 21:48:01] 주사위 결과: 2, 4, 2 = 8 (소 짝)
[2025-06-12 21:48:01] 회차 결과 업데이트 성공
[2025-06-12 21:48:01] 베팅 결과 처리 시작: 48회차
[2025-06-12 21:48:01] 게임 설정 로드 완료: 12개 설정
[2025-06-12 21:48:01] 배율 설정: 대소=1.95, 홀짝=1.95
[2025-06-12 21:48:01] 베팅 처리 완료: 총 0건 처리
[2025-06-12 21:48:01] 베팅 처리 완료: 0건
[2025-06-12 21:48:01] 48회차 완료 및 정산 처리 성공
[2025-06-12 21:48:01] 완료된 회차 감지, 새 회차 생성 시도
[2025-06-12 21:48:01] 새 회차 생성 시작
[2025-06-12 21:48:01] 다음 회차 번호: 49
[2025-06-12 21:48:01] 시간 설정: 시작=2025-06-12 21:48:01, 마감=2025-06-12 21:49:31, 결과=2025-06-12 21:50:01
[2025-06-12 21:48:01] 회차 생성 성공: round_id=49
[2025-06-12 21:48:01] 새 회차 생성 완료: 49회차
[2025-06-12 21:48:01] === 게임 관리 크론잡 종료 ===
[2025-06-12 21:49:01] === 게임 관리 크론잡 시작 ===
[2025-06-12 21:49:01] PHP 버전: 7.4.33
[2025-06-12 21:49:01] 현재 경로: /var/www/html/gnuboard5/game
[2025-06-12 21:49:01] 게임 설정 로드 완료: 12개 설정
[2025-06-12 21:49:01] 현재 시간: 2025-06-12 21:49:01
[2025-06-12 21:49:01] 미처리 베팅 검색 중...
[2025-06-12 21:49:01] 미처리 베팅 없음
[2025-06-12 21:49:01] 현재 진행중인 회차: 49회차 (상태: betting)
[2025-06-12 21:49:01] === 게임 관리 크론잡 종료 ===
[2025-06-12 21:50:01] === 게임 관리 크론잡 시작 ===
[2025-06-12 21:50:01] PHP 버전: 7.4.33
[2025-06-12 21:50:01] 현재 경로: /var/www/html/gnuboard5/game
[2025-06-12 21:50:01] 게임 설정 로드 완료: 12개 설정
[2025-06-12 21:50:01] 현재 시간: 2025-06-12 21:50:01
[2025-06-12 21:50:01] 미처리 베팅 검색 중...
[2025-06-12 21:50:01] 미처리 베팅 없음
[2025-06-12 21:50:01] 현재 진행중인 회차: 49회차 (상태: betting)
[2025-06-12 21:50:01] 49회차 베팅 마감
[2025-06-12 21:50:01] === 게임 관리 크론잡 종료 ===
[2025-06-12 21:51:01] === 게임 관리 크론잡 시작 ===
[2025-06-12 21:51:01] PHP 버전: 7.4.33
[2025-06-12 21:51:01] 현재 경로: /var/www/html/gnuboard5/game
[2025-06-12 21:51:01] 게임 설정 로드 완료: 12개 설정
[2025-06-12 21:51:01] 현재 시간: 2025-06-12 21:51:01
[2025-06-12 21:51:01] 미처리 베팅 검색 중...
[2025-06-12 21:51:01] 미처리 베팅 없음
[2025-06-12 21:51:01] 현재 진행중인 회차: 50회차 (상태: betting)
[2025-06-12 21:51:01] === 게임 관리 크론잡 종료 ===
[2025-06-12 21:52:01] === 게임 관리 크론잡 시작 ===
[2025-06-12 21:52:01] PHP 버전: 7.4.33
[2025-06-12 21:52:01] 현재 경로: /var/www/html/gnuboard5/game
[2025-06-12 21:52:01] 게임 설정 로드 완료: 12개 설정
[2025-06-12 21:52:01] 현재 시간: 2025-06-12 21:52:01
[2025-06-12 21:52:01] 미처리 베팅 검색 중...
[2025-06-12 21:52:01] 미처리 베팅 없음
[2025-06-12 21:52:01] 현재 진행중인 회차: 50회차 (상태: betting)
[2025-06-12 21:52:01] 50회차 베팅 마감
[2025-06-12 21:52:01] === 게임 관리 크론잡 종료 ===
[2025-06-12 21:53:01] === 게임 관리 크론잡 시작 ===
[2025-06-12 21:53:01] PHP 버전: 7.4.33
[2025-06-12 21:53:01] 현재 경로: /var/www/html/gnuboard5/game
[2025-06-12 21:53:01] 게임 설정 로드 완료: 12개 설정
[2025-06-12 21:53:01] 현재 시간: 2025-06-12 21:53:01
[2025-06-12 21:53:01] 미처리 베팅 검색 중...
[2025-06-12 21:53:01] 미처리 베팅 없음
[2025-06-12 21:53:01] 현재 진행중인 회차: 51회차 (상태: betting)
[2025-06-12 21:53:01] === 게임 관리 크론잡 종료 ===
[2025-06-12 21:54:01] === 게임 관리 크론잡 시작 ===
[2025-06-12 21:54:01] PHP 버전: 7.4.33
[2025-06-12 21:54:01] 현재 경로: /var/www/html/gnuboard5/game
[2025-06-12 21:54:01] 게임 설정 로드 완료: 12개 설정
[2025-06-12 21:54:01] 현재 시간: 2025-06-12 21:54:01
[2025-06-12 21:54:01] 미처리 베팅 검색 중...
[2025-06-12 21:54:01] 미처리 베팅 없음
[2025-06-12 21:54:01] 현재 진행중인 회차: 51회차 (상태: betting)
[2025-06-12 21:54:01] 51회차 베팅 마감
[2025-06-12 21:54:01] === 게임 관리 크론잡 종료 ===
[2025-06-12 21:55:01] === 게임 관리 크론잡 시작 ===
[2025-06-12 21:55:01] PHP 버전: 7.4.33
[2025-06-12 21:55:01] 현재 경로: /var/www/html/gnuboard5/game
[2025-06-12 21:55:01] 게임 설정 로드 완료: 12개 설정
[2025-06-12 21:55:01] 현재 시간: 2025-06-12 21:55:01
[2025-06-12 21:55:01] 미처리 베팅 검색 중...
[2025-06-12 21:55:01] 미처리 베팅 없음
[2025-06-12 21:55:01] 현재 진행중인 회차: 51회차 (상태: waiting)
[2025-06-12 21:55:01] 51회차 결과 발표 시간 도달
[2025-06-12 21:55:01] 회차 완료 처리 시작: 51회차
[2025-06-12 21:55:01] 주사위 결과: 3, 2, 5 = 10 (소 짝)
[2025-06-12 21:55:01] 회차 결과 업데이트 성공
[2025-06-12 21:55:01] 베팅 결과 처리 시작: 51회차
[2025-06-12 21:55:01] 게임 설정 로드 완료: 12개 설정
[2025-06-12 21:55:01] 배율 설정: 대소=1.95, 홀짝=1.95
[2025-06-12 21:55:01] 베팅 처리 완료: 총 0건 처리
[2025-06-12 21:55:01] 베팅 처리 완료: 0건
[2025-06-12 21:55:01] 51회차 완료 및 정산 처리 성공
[2025-06-12 21:55:01] 완료된 회차 감지, 새 회차 생성 시도
[2025-06-12 21:55:01] 새 회차 생성 시작
[2025-06-12 21:55:01] 다음 회차 번호: 52
[2025-06-12 21:55:01] 시간 설정: 시작=2025-06-12 21:55:01, 마감=2025-06-12 21:56:01, 결과=2025-06-12 21:56:31
[2025-06-12 21:55:01] 회차 생성 성공: round_id=52
[2025-06-12 21:55:01] 새 회차 생성 완료: 52회차
[2025-06-12 21:55:01] === 게임 관리 크론잡 종료 ===
[2025-06-12 21:56:01] === 게임 관리 크론잡 시작 ===
[2025-06-12 21:56:01] PHP 버전: 7.4.33
[2025-06-12 21:56:01] 현재 경로: /var/www/html/gnuboard5/game
[2025-06-12 21:56:01] 게임 설정 로드 완료: 12개 설정
[2025-06-12 21:56:01] 현재 시간: 2025-06-12 21:56:01
[2025-06-12 21:56:01] 미처리 베팅 검색 중...
[2025-06-12 21:56:01] 미처리 베팅 없음
[2025-06-12 21:56:01] 현재 진행중인 회차: 52회차 (상태: betting)
[2025-06-12 21:56:01] 52회차 베팅 마감
[2025-06-12 21:56:01] === 게임 관리 크론잡 종료 ===
[2025-06-12 21:57:01] === 게임 관리 크론잡 시작 ===
[2025-06-12 21:57:01] PHP 버전: 7.4.33
[2025-06-12 21:57:01] 현재 경로: /var/www/html/gnuboard5/game
[2025-06-12 21:57:01] 게임 설정 로드 완료: 12개 설정
[2025-06-12 21:57:01] 현재 시간: 2025-06-12 21:57:01
[2025-06-12 21:57:01] 미처리 베팅 검색 중...
[2025-06-12 21:57:01] 미처리 베팅 없음
[2025-06-12 21:57:01] 현재 진행중인 회차: 52회차 (상태: waiting)
[2025-06-12 21:57:01] 52회차 결과 발표 시간 도달
[2025-06-12 21:57:01] 회차 완료 처리 시작: 52회차
[2025-06-12 21:57:01] 주사위 결과: 5, 1, 1 = 7 (소 홀)
[2025-06-12 21:57:01] 회차 결과 업데이트 성공
[2025-06-12 21:57:01] 베팅 결과 처리 시작: 52회차
[2025-06-12 21:57:01] 게임 설정 로드 완료: 12개 설정
[2025-06-12 21:57:01] 배율 설정: 대소=1.95, 홀짝=1.95
[2025-06-12 21:57:01] 베팅 처리 완료: 총 0건 처리
[2025-06-12 21:57:01] 베팅 처리 완료: 0건
[2025-06-12 21:57:01] 52회차 완료 및 정산 처리 성공
[2025-06-12 21:57:01] 완료된 회차 감지, 새 회차 생성 시도
[2025-06-12 21:57:01] 새 회차 생성 시작
[2025-06-12 21:57:01] 다음 회차 번호: 53
[2025-06-12 21:57:01] 시간 설정: 시작=2025-06-12 21:57:01, 마감=2025-06-12 21:58:01, 결과=2025-06-12 21:58:31
[2025-06-12 21:57:01] 회차 생성 성공: round_id=53
[2025-06-12 21:57:01] 새 회차 생성 완료: 53회차
[2025-06-12 21:57:01] === 게임 관리 크론잡 종료 ===
[2025-06-12 21:58:01] === 게임 관리 크론잡 시작 ===
[2025-06-12 21:58:01] PHP 버전: 7.4.33
[2025-06-12 21:58:01] 현재 경로: /var/www/html/gnuboard5/game
[2025-06-12 21:58:01] 게임 설정 로드 완료: 12개 설정
[2025-06-12 21:58:01] 현재 시간: 2025-06-12 21:58:01
[2025-06-12 21:58:01] 미처리 베팅 검색 중...
[2025-06-12 21:58:01] 미처리 베팅 없음
[2025-06-12 21:58:01] 현재 진행중인 회차: 53회차 (상태: betting)
[2025-06-12 21:58:01] 53회차 베팅 마감
[2025-06-12 21:58:01] === 게임 관리 크론잡 종료 ===
[2025-06-12 21:59:01] === 게임 관리 크론잡 시작 ===
[2025-06-12 21:59:01] PHP 버전: 7.4.33
[2025-06-12 21:59:01] 현재 경로: /var/www/html/gnuboard5/game
[2025-06-12 21:59:01] 게임 설정 로드 완료: 12개 설정
[2025-06-12 21:59:01] 현재 시간: 2025-06-12 21:59:01
[2025-06-12 21:59:01] 미처리 베팅 검색 중...
[2025-06-12 21:59:01] 미처리 베팅 없음
[2025-06-12 21:59:01] 현재 진행중인 회차: 53회차 (상태: waiting)
[2025-06-12 21:59:01] 53회차 결과 발표 시간 도달
[2025-06-12 21:59:01] 회차 완료 처리 시작: 53회차
[2025-06-12 21:59:01] 주사위 결과: 3, 6, 2 = 11 (대 홀)
[2025-06-12 21:59:01] 회차 결과 업데이트 성공
[2025-06-12 21:59:01] 베팅 결과 처리 시작: 53회차
[2025-06-12 21:59:01] 게임 설정 로드 완료: 12개 설정
[2025-06-12 21:59:01] 배율 설정: 대소=1.95, 홀짝=1.95
[2025-06-12 21:59:01] 베팅 처리 완료: 총 0건 처리
[2025-06-12 21:59:01] 베팅 처리 완료: 0건
[2025-06-12 21:59:01] 53회차 완료 및 정산 처리 성공
[2025-06-12 21:59:01] 완료된 회차 감지, 새 회차 생성 시도
[2025-06-12 21:59:01] 새 회차 생성 시작
[2025-06-12 21:59:01] 다음 회차 번호: 54
[2025-06-12 21:59:01] 시간 설정: 시작=2025-06-12 21:59:01, 마감=2025-06-12 22:00:01, 결과=2025-06-12 22:00:31
[2025-06-12 21:59:01] 회차 생성 성공: round_id=54
[2025-06-12 21:59:01] 새 회차 생성 완료: 54회차
[2025-06-12 21:59:01] === 게임 관리 크론잡 종료 ===
[2025-06-12 22:00:01] === 게임 관리 크론잡 시작 ===
[2025-06-12 22:00:01] PHP 버전: 7.4.33
[2025-06-12 22:00:01] 현재 경로: /var/www/html/gnuboard5/game
[2025-06-12 22:00:01] 게임 설정 로드 완료: 12개 설정
[2025-06-12 22:00:01] 현재 시간: 2025-06-12 22:00:01
[2025-06-12 22:00:01] 미처리 베팅 검색 중...
[2025-06-12 22:00:01] 미처리 베팅 없음
[2025-06-12 22:00:01] 현재 진행중인 회차: 54회차 (상태: betting)
[2025-06-12 22:00:01] 54회차 베팅 마감
[2025-06-12 22:00:01] === 게임 관리 크론잡 종료 ===
[2025-06-12 22:01:01] === 게임 관리 크론잡 시작 ===
[2025-06-12 22:01:01] PHP 버전: 7.4.33
[2025-06-12 22:01:01] 현재 경로: /var/www/html/gnuboard5/game
[2025-06-12 22:01:01] 게임 설정 로드 완료: 12개 설정
[2025-06-12 22:01:01] 현재 시간: 2025-06-12 22:01:01
[2025-06-12 22:01:01] 미처리 베팅 검색 중...
[2025-06-12 22:01:01] 미처리 베팅 없음
[2025-06-12 22:01:01] 현재 진행중인 회차: 54회차 (상태: waiting)
[2025-06-12 22:01:01] 54회차 결과 발표 시간 도달
[2025-06-12 22:01:01] 회차 완료 처리 시작: 54회차
[2025-06-12 22:01:01] 주사위 결과: 3, 2, 1 = 6 (소 짝)
[2025-06-12 22:01:01] 회차 결과 업데이트 성공
[2025-06-12 22:01:01] 베팅 결과 처리 시작: 54회차
[2025-06-12 22:01:01] 게임 설정 로드 완료: 12개 설정
[2025-06-12 22:01:01] 배율 설정: 대소=1.95, 홀짝=1.95
[2025-06-12 22:01:01] 베팅 처리 완료: 총 0건 처리
[2025-06-12 22:01:01] 베팅 처리 완료: 0건
[2025-06-12 22:01:01] 54회차 완료 및 정산 처리 성공
[2025-06-12 22:01:01] 완료된 회차 감지, 새 회차 생성 시도
[2025-06-12 22:01:01] 새 회차 생성 시작
[2025-06-12 22:01:01] 다음 회차 번호: 55
[2025-06-12 22:01:01] 시간 설정: 시작=2025-06-12 22:01:01, 마감=2025-06-12 22:02:01, 결과=2025-06-12 22:02:31
[2025-06-12 22:01:01] 회차 생성 성공: round_id=55
[2025-06-12 22:01:01] 새 회차 생성 완료: 55회차
[2025-06-12 22:01:01] === 게임 관리 크론잡 종료 ===
[2025-06-12 22:02:01] === 게임 관리 크론잡 시작 ===
[2025-06-12 22:02:01] PHP 버전: 7.4.33
[2025-06-12 22:02:01] 현재 경로: /var/www/html/gnuboard5/game
[2025-06-12 22:02:01] 게임 설정 로드 완료: 12개 설정
[2025-06-12 22:02:01] 현재 시간: 2025-06-12 22:02:01
[2025-06-12 22:02:01] 미처리 베팅 검색 중...
[2025-06-12 22:02:01] 미처리 베팅 없음
[2025-06-12 22:02:01] 현재 진행중인 회차: 55회차 (상태: betting)
[2025-06-12 22:02:02] 55회차 베팅 마감
[2025-06-12 22:02:02] === 게임 관리 크론잡 종료 ===
[2025-06-12 22:03:01] === 게임 관리 크론잡 시작 ===
[2025-06-12 22:03:01] PHP 버전: 7.4.33
[2025-06-12 22:03:01] 현재 경로: /var/www/html/gnuboard5/game
[2025-06-12 22:03:01] 게임 설정 로드 완료: 12개 설정
[2025-06-12 22:03:01] 현재 시간: 2025-06-12 22:03:01
[2025-06-12 22:03:01] 미처리 베팅 검색 중...
[2025-06-12 22:03:01] 미처리 베팅 없음
[2025-06-12 22:03:01] 현재 진행중인 회차: 55회차 (상태: waiting)
[2025-06-12 22:03:01] 55회차 결과 발표 시간 도달
[2025-06-12 22:03:01] 회차 완료 처리 시작: 55회차
[2025-06-12 22:03:01] 주사위 결과: 4, 5, 5 = 14 (대 짝)
[2025-06-12 22:03:01] 회차 결과 업데이트 성공
[2025-06-12 22:03:01] 베팅 결과 처리 시작: 55회차
[2025-06-12 22:03:01] 게임 설정 로드 완료: 12개 설정
[2025-06-12 22:03:01] 배율 설정: 대소=1.95, 홀짝=1.95
[2025-06-12 22:03:01] 베팅 처리 완료: 총 0건 처리
[2025-06-12 22:03:01] 베팅 처리 완료: 0건
[2025-06-12 22:03:01] 55회차 완료 및 정산 처리 성공
[2025-06-12 22:03:01] 완료된 회차 감지, 새 회차 생성 시도
[2025-06-12 22:03:01] 새 회차 생성 시작
[2025-06-12 22:03:01] 다음 회차 번호: 56
[2025-06-12 22:03:01] 시간 설정: 시작=2025-06-12 22:03:01, 마감=2025-06-12 22:04:01, 결과=2025-06-12 22:04:31
[2025-06-12 22:03:01] 회차 생성 성공: round_id=56
[2025-06-12 22:03:01] 새 회차 생성 완료: 56회차
[2025-06-12 22:03:01] === 게임 관리 크론잡 종료 ===
[2025-06-12 22:04:01] === 게임 관리 크론잡 시작 ===
[2025-06-12 22:04:01] PHP 버전: 7.4.33
[2025-06-12 22:04:01] 현재 경로: /var/www/html/gnuboard5/game
[2025-06-12 22:04:01] 게임 설정 로드 완료: 12개 설정
[2025-06-12 22:04:01] 현재 시간: 2025-06-12 22:04:01
[2025-06-12 22:04:01] 미처리 베팅 검색 중...
[2025-06-12 22:04:01] 미처리 베팅 없음
[2025-06-12 22:04:01] 현재 진행중인 회차: 56회차 (상태: betting)
[2025-06-12 22:04:01] 56회차 베팅 마감
[2025-06-12 22:04:01] === 게임 관리 크론잡 종료 ===
[2025-06-12 22:05:01] === 게임 관리 크론잡 시작 ===
[2025-06-12 22:05:01] PHP 버전: 7.4.33
[2025-06-12 22:05:01] 현재 경로: /var/www/html/gnuboard5/game
[2025-06-12 22:05:01] 게임 설정 로드 완료: 12개 설정
[2025-06-12 22:05:01] 현재 시간: 2025-06-12 22:05:01
[2025-06-12 22:05:01] 미처리 베팅 검색 중...
[2025-06-12 22:05:01] 미처리 베팅 없음
[2025-06-12 22:05:01] 현재 진행중인 회차: 56회차 (상태: waiting)
[2025-06-12 22:05:01] 56회차 결과 발표 시간 도달
[2025-06-12 22:05:01] 회차 완료 처리 시작: 56회차
[2025-06-12 22:05:01] 주사위 결과: 1, 2, 6 = 9 (소 홀)
[2025-06-12 22:05:01] 회차 결과 업데이트 성공
[2025-06-12 22:05:01] 베팅 결과 처리 시작: 56회차
[2025-06-12 22:05:01] 게임 설정 로드 완료: 12개 설정
[2025-06-12 22:05:01] 배율 설정: 대소=1.95, 홀짝=1.95
[2025-06-12 22:05:01] 베팅 처리 완료: 총 0건 처리
[2025-06-12 22:05:01] 베팅 처리 완료: 0건
[2025-06-12 22:05:01] 56회차 완료 및 정산 처리 성공
[2025-06-12 22:05:01] 완료된 회차 감지, 새 회차 생성 시도
[2025-06-12 22:05:01] 새 회차 생성 시작
[2025-06-12 22:05:01] 다음 회차 번호: 57
[2025-06-12 22:05:01] 시간 설정: 시작=2025-06-12 22:05:01, 마감=2025-06-12 22:06:01, 결과=2025-06-12 22:06:31
[2025-06-12 22:05:01] 회차 생성 성공: round_id=57
[2025-06-12 22:05:01] 새 회차 생성 완료: 57회차
[2025-06-12 22:05:01] === 게임 관리 크론잡 종료 ===
[2025-06-12 22:06:01] === 게임 관리 크론잡 시작 ===
[2025-06-12 22:06:01] PHP 버전: 7.4.33
[2025-06-12 22:06:01] 현재 경로: /var/www/html/gnuboard5/game
[2025-06-12 22:06:01] 게임 설정 로드 완료: 12개 설정
[2025-06-12 22:06:01] 현재 시간: 2025-06-12 22:06:01
[2025-06-12 22:06:01] 미처리 베팅 검색 중...
[2025-06-12 22:06:01] 미처리 베팅 없음
[2025-06-12 22:06:01] 현재 진행중인 회차: 57회차 (상태: betting)
[2025-06-12 22:06:01] 57회차 베팅 마감
[2025-06-12 22:06:01] === 게임 관리 크론잡 종료 ===
[2025-06-12 22:07:01] === 게임 관리 크론잡 시작 ===
[2025-06-12 22:07:01] PHP 버전: 7.4.33
[2025-06-12 22:07:01] 현재 경로: /var/www/html/gnuboard5/game
[2025-06-12 22:07:01] 게임 설정 로드 완료: 12개 설정
[2025-06-12 22:07:01] 현재 시간: 2025-06-12 22:07:01
[2025-06-12 22:07:01] 미처리 베팅 검색 중...
[2025-06-12 22:07:01] 미처리 베팅 없음
[2025-06-12 22:07:01] 현재 진행중인 회차: 57회차 (상태: waiting)
[2025-06-12 22:07:01] 57회차 결과 발표 시간 도달
[2025-06-12 22:07:01] 회차 완료 처리 시작: 57회차
[2025-06-12 22:07:01] 주사위 결과: 3, 3, 2 = 8 (소 짝)
[2025-06-12 22:07:01] 회차 결과 업데이트 성공
[2025-06-12 22:07:01] 베팅 결과 처리 시작: 57회차
[2025-06-12 22:07:01] 게임 설정 로드 완료: 12개 설정
[2025-06-12 22:07:01] 배율 설정: 대소=1.95, 홀짝=1.95
[2025-06-12 22:07:01] 베팅 처리 완료: 총 0건 처리
[2025-06-12 22:07:01] 베팅 처리 완료: 0건
[2025-06-12 22:07:01] 57회차 완료 및 정산 처리 성공
[2025-06-12 22:07:01] 완료된 회차 감지, 새 회차 생성 시도
[2025-06-12 22:07:01] 새 회차 생성 시작
[2025-06-12 22:07:01] 다음 회차 번호: 58
[2025-06-12 22:07:01] 시간 설정: 시작=2025-06-12 22:07:01, 마감=2025-06-12 22:08:01, 결과=2025-06-12 22:08:31
[2025-06-12 22:07:01] 회차 생성 성공: round_id=58
[2025-06-12 22:07:01] 새 회차 생성 완료: 58회차
[2025-06-12 22:07:01] === 게임 관리 크론잡 종료 ===
[2025-06-12 22:08:01] === 게임 관리 크론잡 시작 ===
[2025-06-12 22:08:01] PHP 버전: 7.4.33
[2025-06-12 22:08:01] 현재 경로: /var/www/html/gnuboard5/game
[2025-06-12 22:08:01] 게임 설정 로드 완료: 12개 설정
[2025-06-12 22:08:01] 현재 시간: 2025-06-12 22:08:01
[2025-06-12 22:08:01] 미처리 베팅 검색 중...
[2025-06-12 22:08:01] 미처리 베팅 없음
[2025-06-12 22:08:01] 현재 진행중인 회차: 58회차 (상태: betting)
[2025-06-12 22:08:01] 58회차 베팅 마감
[2025-06-12 22:08:01] === 게임 관리 크론잡 종료 ===
[2025-06-12 22:09:01] === 게임 관리 크론잡 시작 ===
[2025-06-12 22:09:01] PHP 버전: 7.4.33
[2025-06-12 22:09:01] 현재 경로: /var/www/html/gnuboard5/game
[2025-06-12 22:09:01] 게임 설정 로드 완료: 12개 설정
[2025-06-12 22:09:01] 현재 시간: 2025-06-12 22:09:01
[2025-06-12 22:09:01] 미처리 베팅 검색 중...
[2025-06-12 22:09:01] 미처리 베팅 없음
[2025-06-12 22:09:01] 현재 진행중인 회차: 58회차 (상태: waiting)
[2025-06-12 22:09:01] 58회차 결과 발표 시간 도달
[2025-06-12 22:09:01] 회차 완료 처리 시작: 58회차
[2025-06-12 22:09:01] 주사위 결과: 2, 5, 1 = 8 (소 짝)
[2025-06-12 22:09:01] 회차 결과 업데이트 성공
[2025-06-12 22:09:01] 베팅 결과 처리 시작: 58회차
[2025-06-12 22:09:01] 게임 설정 로드 완료: 12개 설정
[2025-06-12 22:09:01] 배율 설정: 대소=1.95, 홀짝=1.95
[2025-06-12 22:09:01] 베팅 처리 완료: 총 0건 처리
[2025-06-12 22:09:01] 베팅 처리 완료: 0건
[2025-06-12 22:09:01] 58회차 완료 및 정산 처리 성공
[2025-06-12 22:09:01] 완료된 회차 감지, 새 회차 생성 시도
[2025-06-12 22:09:01] 새 회차 생성 시작
[2025-06-12 22:09:01] 다음 회차 번호: 59
[2025-06-12 22:09:01] 시간 설정: 시작=2025-06-12 22:09:01, 마감=2025-06-12 22:10:01, 결과=2025-06-12 22:10:31
[2025-06-12 22:09:01] 회차 생성 성공: round_id=59
[2025-06-12 22:09:01] 새 회차 생성 완료: 59회차
[2025-06-12 22:09:01] === 게임 관리 크론잡 종료 ===
[2025-06-12 22:10:01] === 게임 관리 크론잡 시작 ===
[2025-06-12 22:10:01] PHP 버전: 7.4.33
[2025-06-12 22:10:01] 현재 경로: /var/www/html/gnuboard5/game
[2025-06-12 22:10:01] 게임 설정 로드 완료: 12개 설정
[2025-06-12 22:10:01] 현재 시간: 2025-06-12 22:10:01
[2025-06-12 22:10:01] 미처리 베팅 검색 중...
[2025-06-12 22:10:01] 미처리 베팅 없음
[2025-06-12 22:10:01] 현재 진행중인 회차: 59회차 (상태: betting)
[2025-06-12 22:10:01] 59회차 베팅 마감
[2025-06-12 22:10:01] === 게임 관리 크론잡 종료 ===
[2025-06-12 22:11:01] === 게임 관리 크론잡 시작 ===
[2025-06-12 22:11:01] PHP 버전: 7.4.33
[2025-06-12 22:11:01] 현재 경로: /var/www/html/gnuboard5/game
[2025-06-12 22:11:01] 게임 설정 로드 완료: 12개 설정
[2025-06-12 22:11:01] 현재 시간: 2025-06-12 22:11:01
[2025-06-12 22:11:01] 미처리 베팅 검색 중...
[2025-06-12 22:11:01] 미처리 베팅 없음
[2025-06-12 22:11:01] 현재 진행중인 회차: 59회차 (상태: waiting)
[2025-06-12 22:11:01] 59회차 결과 발표 시간 도달
[2025-06-12 22:11:01] 회차 완료 처리 시작: 59회차
[2025-06-12 22:11:01] 주사위 결과: 1, 1, 2 = 4 (소 짝)
[2025-06-12 22:11:01] 회차 결과 업데이트 성공
[2025-06-12 22:11:01] 베팅 결과 처리 시작: 59회차
[2025-06-12 22:11:01] 게임 설정 로드 완료: 12개 설정
[2025-06-12 22:11:01] 배율 설정: 대소=1.95, 홀짝=1.95
[2025-06-12 22:11:01] 베팅 처리 완료: 총 0건 처리
[2025-06-12 22:11:01] 베팅 처리 완료: 0건
[2025-06-12 22:11:01] 59회차 완료 및 정산 처리 성공
[2025-06-12 22:11:01] 완료된 회차 감지, 새 회차 생성 시도
[2025-06-12 22:11:01] 새 회차 생성 시작
[2025-06-12 22:11:01] 다음 회차 번호: 60
[2025-06-12 22:11:01] 시간 설정: 시작=2025-06-12 22:11:01, 마감=2025-06-12 22:12:01, 결과=2025-06-12 22:12:31
[2025-06-12 22:11:01] 회차 생성 성공: round_id=60
[2025-06-12 22:11:01] 새 회차 생성 완료: 60회차
[2025-06-12 22:11:01] === 게임 관리 크론잡 종료 ===
[2025-06-12 22:12:01] === 게임 관리 크론잡 시작 ===
[2025-06-12 22:12:01] PHP 버전: 7.4.33
[2025-06-12 22:12:01] 현재 경로: /var/www/html/gnuboard5/game
[2025-06-12 22:12:01] 게임 설정 로드 완료: 12개 설정
[2025-06-12 22:12:01] 현재 시간: 2025-06-12 22:12:01
[2025-06-12 22:12:01] 미처리 베팅 검색 중...
[2025-06-12 22:12:01] 미처리 베팅 없음
[2025-06-12 22:12:01] 현재 진행중인 회차: 60회차 (상태: betting)
[2025-06-12 22:12:01] 60회차 베팅 마감
[2025-06-12 22:12:01] === 게임 관리 크론잡 종료 ===
[2025-06-12 22:13:01] === 게임 관리 크론잡 시작 ===
[2025-06-12 22:13:01] PHP 버전: 7.4.33
[2025-06-12 22:13:01] 현재 경로: /var/www/html/gnuboard5/game
[2025-06-12 22:13:01] 게임 설정 로드 완료: 12개 설정
[2025-06-12 22:13:01] 현재 시간: 2025-06-12 22:13:01
[2025-06-12 22:13:01] 미처리 베팅 검색 중...
[2025-06-12 22:13:01] 미처리 베팅 없음
[2025-06-12 22:13:01] 현재 진행중인 회차: 60회차 (상태: waiting)
[2025-06-12 22:13:01] 60회차 결과 발표 시간 도달
[2025-06-12 22:13:01] 회차 완료 처리 시작: 60회차
[2025-06-12 22:13:01] 주사위 결과: 4, 3, 5 = 12 (대 짝)
[2025-06-12 22:13:01] 회차 결과 업데이트 성공
[2025-06-12 22:13:01] 베팅 결과 처리 시작: 60회차
[2025-06-12 22:13:01] 게임 설정 로드 완료: 12개 설정
[2025-06-12 22:13:01] 배율 설정: 대소=1.95, 홀짝=1.95
[2025-06-12 22:13:01] 베팅 처리 완료: 총 0건 처리
[2025-06-12 22:13:01] 베팅 처리 완료: 0건
[2025-06-12 22:13:01] 60회차 완료 및 정산 처리 성공
[2025-06-12 22:13:01] 완료된 회차 감지, 새 회차 생성 시도
[2025-06-12 22:13:01] 새 회차 생성 시작
[2025-06-12 22:13:01] 다음 회차 번호: 61
[2025-06-12 22:13:01] 시간 설정: 시작=2025-06-12 22:13:01, 마감=2025-06-12 22:14:01, 결과=2025-06-12 22:14:31
[2025-06-12 22:13:01] 회차 생성 성공: round_id=61
[2025-06-12 22:13:01] 새 회차 생성 완료: 61회차
[2025-06-12 22:13:01] === 게임 관리 크론잡 종료 ===
[2025-06-12 22:14:01] === 게임 관리 크론잡 시작 ===
[2025-06-12 22:14:01] PHP 버전: 7.4.33
[2025-06-12 22:14:01] 현재 경로: /var/www/html/gnuboard5/game
[2025-06-12 22:14:01] 게임 설정 로드 완료: 12개 설정
[2025-06-12 22:14:01] 현재 시간: 2025-06-12 22:14:01
[2025-06-12 22:14:01] 미처리 베팅 검색 중...
[2025-06-12 22:14:01] 미처리 베팅 없음
[2025-06-12 22:14:01] 현재 진행중인 회차: 61회차 (상태: betting)
[2025-06-12 22:14:01] 61회차 베팅 마감
[2025-06-12 22:14:01] === 게임 관리 크론잡 종료 ===
[2025-06-12 22:15:01] === 게임 관리 크론잡 시작 ===
[2025-06-12 22:15:01] PHP 버전: 7.4.33
[2025-06-12 22:15:01] 현재 경로: /var/www/html/gnuboard5/game
[2025-06-12 22:15:01] 게임 설정 로드 완료: 15개 설정
[2025-06-12 22:15:01] 현재 시간: 2025-06-12 22:15:01
[2025-06-12 22:15:01] 미처리 베팅 검색 중...
[2025-06-12 22:15:01] 미처리 베팅 없음
[2025-06-12 22:15:01] 현재 진행중인 회차: 62회차 (상태: betting)
[2025-06-12 22:15:01] === 게임 관리 크론잡 종료 ===
[2025-06-12 22:16:01] === 게임 관리 크론잡 시작 ===
[2025-06-12 22:16:01] PHP 버전: 7.4.33
[2025-06-12 22:16:01] 현재 경로: /var/www/html/gnuboard5/game
[2025-06-12 22:16:01] 게임 설정 로드 완료: 15개 설정
[2025-06-12 22:16:01] 현재 시간: 2025-06-12 22:16:01
[2025-06-12 22:16:01] 미처리 베팅 검색 중...
[2025-06-12 22:16:01] 미처리 베팅 없음
[2025-06-12 22:16:01] 현재 진행중인 회차: 62회차 (상태: betting)
[2025-06-12 22:16:01] 62회차 베팅 마감
[2025-06-12 22:16:01] === 게임 관리 크론잡 종료 ===
[2025-06-12 22:17:01] === 게임 관리 크론잡 시작 ===
[2025-06-12 22:17:01] PHP 버전: 7.4.33
[2025-06-12 22:17:01] 현재 경로: /var/www/html/gnuboard5/game
[2025-06-12 22:17:01] 게임 설정 로드 완료: 15개 설정
[2025-06-12 22:17:01] 현재 시간: 2025-06-12 22:17:01
[2025-06-12 22:17:01] 미처리 베팅 검색 중...
[2025-06-12 22:17:01] 미처리 베팅 없음
[2025-06-12 22:17:01] 현재 진행중인 회차: 63회차 (상태: betting)
[2025-06-12 22:17:01] === 게임 관리 크론잡 종료 ===
[2025-06-12 22:18:01] === 게임 관리 크론잡 시작 ===
[2025-06-12 22:18:01] PHP 버전: 7.4.33
[2025-06-12 22:18:01] 현재 경로: /var/www/html/gnuboard5/game
[2025-06-12 22:18:01] 게임 설정 로드 완료: 15개 설정
[2025-06-12 22:18:01] 현재 시간: 2025-06-12 22:18:01
[2025-06-12 22:18:01] 미처리 베팅 검색 중...
[2025-06-12 22:18:01] 미처리 베팅 없음
[2025-06-12 22:18:01] 현재 진행중인 회차: 63회차 (상태: betting)
[2025-06-12 22:18:01] 63회차 베팅 마감
[2025-06-12 22:18:01] === 게임 관리 크론잡 종료 ===
[2025-06-12 22:19:01] === 게임 관리 크론잡 시작 ===
[2025-06-12 22:19:01] PHP 버전: 7.4.33
[2025-06-12 22:19:01] 현재 경로: /var/www/html/gnuboard5/game
[2025-06-12 22:19:01] 게임 설정 로드 완료: 15개 설정
[2025-06-12 22:19:01] 현재 시간: 2025-06-12 22:19:01
[2025-06-12 22:19:01] 미처리 베팅 검색 중...
[2025-06-12 22:19:01] 미처리 베팅 없음
[2025-06-12 22:19:01] 현재 진행중인 회차: 64회차 (상태: betting)
[2025-06-12 22:19:01] === 게임 관리 크론잡 종료 ===
[2025-06-12 22:20:01] === 게임 관리 크론잡 시작 ===
[2025-06-12 22:20:01] PHP 버전: 7.4.33
[2025-06-12 22:20:01] 현재 경로: /var/www/html/gnuboard5/game
[2025-06-12 22:20:01] 게임 설정 로드 완료: 15개 설정
[2025-06-12 22:20:01] 현재 시간: 2025-06-12 22:20:01
[2025-06-12 22:20:01] 미처리 베팅 검색 중...
[2025-06-12 22:20:01] 미처리 베팅 없음
[2025-06-12 22:20:01] 현재 진행중인 회차: 64회차 (상태: betting)
[2025-06-12 22:20:01] 64회차 베팅 마감
[2025-06-12 22:20:01] === 게임 관리 크론잡 종료 ===
