[2025-06-12 22:35:01] === 수정된 미리 결과 크론잡 시작 ===
[2025-06-12 22:35:01] 설정 확인 - 미리결과사용: 1, 자동생성: 1, 버퍼: 10
[2025-06-12 22:35:01] 현재 회차: 72, 상태: betting
[2025-06-12 22:35:01] === 수정된 미리 결과 크론잡 완료 ===
[2025-06-12 22:36:01] === 수정된 미리 결과 크론잡 시작 ===
[2025-06-12 22:36:01] 설정 확인 - 미리결과사용: 1, 자동생성: 1, 버퍼: 10
[2025-06-12 22:36:01] 현재 회차: 72, 상태: betting
[2025-06-12 22:36:01] 회차 72 베팅 종료 -> 대기 상태
[2025-06-12 22:36:01] === 수정된 미리 결과 크론잡 완료 ===
[2025-06-12 22:37:01] === 수정된 미리 결과 크론잡 시작 ===
[2025-06-12 22:37:01] 설정 확인 - 미리결과사용: 1, 자동생성: 1, 버퍼: 10
[2025-06-12 22:37:01] 새 회차 생성: 73
[2025-06-12 22:37:01] 새 회차 73 시작됨
[2025-06-12 22:37:01] === 수정된 미리 결과 크론잡 완료 ===
[2025-06-12 22:38:01] === 수정된 미리 결과 크론잡 시작 ===
[2025-06-12 22:38:01] 설정 확인 - 미리결과사용: 1, 자동생성: 1, 버퍼: 10
[2025-06-12 22:38:01] 현재 회차: 73, 상태: betting
[2025-06-12 22:38:01] 회차 73 베팅 종료 -> 대기 상태
[2025-06-12 22:38:01] === 수정된 미리 결과 크론잡 완료 ===
[2025-06-12 22:39:01] === 수정된 미리 결과 크론잡 시작 ===
[2025-06-12 22:39:01] 설정 확인 - 미리결과사용: 1, 자동생성: 1, 버퍼: 10
[2025-06-12 22:39:01] 새 회차 생성: 74
[2025-06-12 22:39:01] 새 회차 74 시작됨
[2025-06-12 22:39:01] === 수정된 미리 결과 크론잡 완료 ===
[2025-06-12 22:40:01] === 수정된 미리 결과 크론잡 시작 ===
[2025-06-12 22:40:01] 설정 확인 - 미리결과사용: 1, 자동생성: 1, 버퍼: 10
[2025-06-12 22:40:01] 현재 회차: 74, 상태: betting
[2025-06-12 22:40:01] 회차 74 베팅 종료 -> 대기 상태
[2025-06-12 22:40:01] === 수정된 미리 결과 크론잡 완료 ===
[2025-06-12 22:41:01] === 수정된 미리 결과 크론잡 시작 ===
[2025-06-12 22:41:01] 설정 확인 - 미리결과사용: 1, 자동생성: 1, 버퍼: 10
[2025-06-12 22:41:01] 현재 회차: 74, 상태: waiting
[2025-06-12 22:41:01] 회차 74 결과 처리 시작
[2025-06-12 22:41:01] 미리 설정된 결과 사용 시도 중...
[2025-06-12 22:41:01] 미리 결과 조회 시도: 74회차
[2025-06-12 22:41:01] 미리 결과 발견: 74회차 - 6-6-6
[2025-06-12 22:41:01] 미리 결과 사용 표시 완료: 74회차
[2025-06-12 22:41:01] ✅ 회차 74 미리 설정된 결과 사용: 6-6-6 (합계: 18)
[2025-06-12 22:41:01] 최종 결과 확정: 6-6-6 (출처: 미리 설정된 결과)
[2025-06-12 22:41:01] ✅ 회차 74 결과 DB 업데이트 완료
[2025-06-12 22:41:01] 회차 74 정산 완료 - 참여자: 0명, 당첨자: 0명, 베팅액: 0원, 당첨금: 0원
[2025-06-12 22:41:01] === 수정된 미리 결과 크론잡 완료 ===
[2025-06-12 22:42:01] === 수정된 미리 결과 크론잡 시작 ===
[2025-06-12 22:42:01] 설정 확인 - 미리결과사용: 1, 자동생성: 1, 버퍼: 10
[2025-06-12 22:42:01] 현재 회차: 75, 상태: betting
[2025-06-12 22:42:01] === 수정된 미리 결과 크론잡 완료 ===
[2025-06-12 22:43:01] === 수정된 미리 결과 크론잡 시작 ===
[2025-06-12 22:43:01] 설정 확인 - 미리결과사용: 1, 자동생성: 1, 버퍼: 10
[2025-06-12 22:43:01] 현재 회차: 75, 상태: betting
[2025-06-12 22:43:01] 회차 75 베팅 종료 -> 대기 상태
[2025-06-12 22:43:01] === 수정된 미리 결과 크론잡 완료 ===
[2025-06-12 22:44:01] === 수정된 미리 결과 크론잡 시작 ===
[2025-06-12 22:44:01] 설정 확인 - 미리결과사용: 1, 자동생성: 1, 버퍼: 10
[2025-06-12 22:44:01] 현재 회차: 76, 상태: betting
[2025-06-12 22:44:01] === 수정된 미리 결과 크론잡 완료 ===
[2025-06-12 22:45:01] === 수정된 미리 결과 크론잡 시작 ===
[2025-06-12 22:45:01] 설정 확인 - 미리결과사용: 1, 자동생성: 1, 버퍼: 10
[2025-06-12 22:45:01] 현재 회차: 76, 상태: betting
[2025-06-12 22:45:01] 회차 76 베팅 종료 -> 대기 상태
[2025-06-12 22:45:01] === 수정된 미리 결과 크론잡 완료 ===
