[2025-06-12 22:46:01] 🚀 === 미리 결과 버그 수정 크론잡 시작 ===
[2025-06-12 22:46:01] 📋 설정 확인:
[2025-06-12 22:46:01]   - 미리결과사용: 1
[2025-06-12 22:46:01]   - 자동생성: 1
[2025-06-12 22:46:01]   - 버퍼: 10
[2025-06-12 22:46:01] 📋 현재 회차 정보:
[2025-06-12 22:46:01]   - 회차번호: 77
[2025-06-12 22:46:01]   - 상태: betting
[2025-06-12 22:46:01]   - 종료시간: 2025-06-12 22:46:32
[2025-06-12 22:46:01]   - 현재시간: 2025-06-12 22:46:01
[2025-06-12 22:46:01] 🏁 === 미리 결과 버그 수정 크론잡 완료 ===
[2025-06-12 22:47:02] 🚀 === 미리 결과 버그 수정 크론잡 시작 ===
[2025-06-12 22:47:02] 📋 설정 확인:
[2025-06-12 22:47:02]   - 미리결과사용: 1
[2025-06-12 22:47:02]   - 자동생성: 1
[2025-06-12 22:47:02]   - 버퍼: 10
[2025-06-12 22:47:02] 📋 현재 회차 정보:
[2025-06-12 22:47:02]   - 회차번호: 77
[2025-06-12 22:47:02]   - 상태: betting
[2025-06-12 22:47:02]   - 종료시간: 2025-06-12 22:46:32
[2025-06-12 22:47:02]   - 현재시간: 2025-06-12 22:47:02
[2025-06-12 22:47:02] ⏰ 회차 77 베팅 종료 → 대기 상태
[2025-06-12 22:47:02] 🏁 === 미리 결과 버그 수정 크론잡 완료 ===
[2025-06-12 22:48:01] 🚀 === 미리 결과 버그 수정 크론잡 시작 ===
[2025-06-12 22:48:01] 📋 설정 확인:
[2025-06-12 22:48:01]   - 미리결과사용: 1
[2025-06-12 22:48:01]   - 자동생성: 1
[2025-06-12 22:48:01]   - 버퍼: 10
[2025-06-12 22:48:01] 📋 현재 회차 정보:
[2025-06-12 22:48:01]   - 회차번호: 78
[2025-06-12 22:48:01]   - 상태: betting
[2025-06-12 22:48:01]   - 종료시간: 2025-06-12 22:48:42
[2025-06-12 22:48:01]   - 현재시간: 2025-06-12 22:48:01
[2025-06-12 22:48:01] 🏁 === 미리 결과 버그 수정 크론잡 완료 ===
[2025-06-12 22:49:01] 🚀 === 미리 결과 버그 수정 크론잡 시작 ===
[2025-06-12 22:49:01] 📋 설정 확인:
[2025-06-12 22:49:01]   - 미리결과사용: 1
[2025-06-12 22:49:01]   - 자동생성: 1
[2025-06-12 22:49:01]   - 버퍼: 10
[2025-06-12 22:49:01] 📋 현재 회차 정보:
[2025-06-12 22:49:01]   - 회차번호: 78
[2025-06-12 22:49:01]   - 상태: betting
[2025-06-12 22:49:01]   - 종료시간: 2025-06-12 22:48:42
[2025-06-12 22:49:01]   - 현재시간: 2025-06-12 22:49:01
[2025-06-12 22:49:01] ⏰ 회차 78 베팅 종료 → 대기 상태
[2025-06-12 22:49:01] 🏁 === 미리 결과 버그 수정 크론잡 완료 ===
[2025-06-12 22:50:01] 🚀 === 미리 결과 버그 수정 크론잡 시작 ===
[2025-06-12 22:50:01] 📋 설정 확인:
[2025-06-12 22:50:01]   - 미리결과사용: 1
[2025-06-12 22:50:01]   - 자동생성: 1
[2025-06-12 22:50:01]   - 버퍼: 10
[2025-06-12 22:50:01] 📋 현재 회차 정보:
[2025-06-12 22:50:01]   - 회차번호: 80
[2025-06-12 22:50:01]   - 상태: betting
[2025-06-12 22:50:01]   - 종료시간: 2025-06-12 22:50:03
[2025-06-12 22:50:01]   - 현재시간: 2025-06-12 22:50:01
[2025-06-12 22:50:01] 🏁 === 미리 결과 버그 수정 크론잡 완료 ===
[2025-06-12 22:51:01] 🚀 === 미리 결과 버그 수정 크론잡 시작 ===
[2025-06-12 22:51:01] 📋 설정 확인:
[2025-06-12 22:51:01]   - 미리결과사용: 1
[2025-06-12 22:51:01]   - 자동생성: 1
[2025-06-12 22:51:01]   - 버퍼: 10
[2025-06-12 22:51:01] 📋 현재 회차 정보:
[2025-06-12 22:51:01]   - 회차번호: 82
[2025-06-12 22:51:01]   - 상태: betting
[2025-06-12 22:51:01]   - 종료시간: 2025-06-12 22:50:52
[2025-06-12 22:51:01]   - 현재시간: 2025-06-12 22:51:01
[2025-06-12 22:51:01] ⏰ 회차 82 베팅 종료 → 대기 상태
[2025-06-12 22:51:01] 🏁 === 미리 결과 버그 수정 크론잡 완료 ===
[2025-06-12 22:52:01] 🚀 === 미리 결과 버그 수정 크론잡 시작 ===
[2025-06-12 22:52:01] 📋 설정 확인:
[2025-06-12 22:52:01]   - 미리결과사용: 1
[2025-06-12 22:52:01]   - 자동생성: 1
[2025-06-12 22:52:01]   - 버퍼: 10
[2025-06-12 22:52:01] 📋 현재 회차 정보:
[2025-06-12 22:52:01]   - 회차번호: 82
[2025-06-12 22:52:01]   - 상태: waiting
[2025-06-12 22:52:01]   - 종료시간: 2025-06-12 22:50:52
[2025-06-12 22:52:01]   - 현재시간: 2025-06-12 22:52:01
[2025-06-12 22:52:01] ⏰ 결과 처리 시간 체크:
[2025-06-12 22:52:01]   - 결과시간: 2025-06-12 22:51:06
[2025-06-12 22:52:01]   - 현재시간: 2025-06-12 22:52:01
[2025-06-12 22:52:01]   - 처리가능: YES
[2025-06-12 22:52:01] 🎲 === 회차 82 결과 처리 시작 ===
[2025-06-12 22:52:01] 🔍 미리 결과 사용 여부 체크: use_pre_results = 1
[2025-06-12 22:52:01] ✅ 미리 결과 사용 모드 활성화
[2025-06-12 22:52:01] 🔍 미리 결과 조회 시작: 82회차
[2025-06-12 22:52:01] SQL 쿼리: SELECT * FROM dice_game_pre_results WHERE round_number = 82 AND is_used = 0
[2025-06-12 22:52:01] ✅ 미리 결과 발견! 상세정보:
[2025-06-12 22:52:01]   - 주사위: 5-1-2
[2025-06-12 22:52:01]   - 합계: 8
[2025-06-12 22:52:01]   - 대소/홀짝: 소/짝
[2025-06-12 22:52:01]   - 생성시간: 2025-06-12 22:22:17
[2025-06-12 22:52:01]   - 생성자: 없음
[2025-06-12 22:52:01] 🎯 미리 결과 적용 시작
[2025-06-12 22:52:01] 📋 적용할 미리 결과:
[2025-06-12 22:52:01]   - dice1: 5
[2025-06-12 22:52:01]   - dice2: 1
[2025-06-12 22:52:01]   - dice3: 2
[2025-06-12 22:52:01]   - total: 8
[2025-06-12 22:52:01]   - is_high: 0
[2025-06-12 22:52:01]   - is_odd: 0
[2025-06-12 22:52:01] 🔄 미리 결과 사용 표시 시작: 82회차
[2025-06-12 22:52:01] 사용 표시 SQL: UPDATE dice_game_pre_results SET is_used = 1, used_at = '2025-06-12 22:52:01' WHERE round_number = 82 AND is_used = 0
[2025-06-12 22:53:01] 🚀 === 미리 결과 버그 수정 크론잡 시작 ===
[2025-06-12 22:53:01] 📋 설정 확인:
[2025-06-12 22:53:01]   - 미리결과사용: 1
[2025-06-12 22:53:01]   - 자동생성: 1
[2025-06-12 22:53:01]   - 버퍼: 10
[2025-06-12 22:53:01] 📋 현재 회차 정보:
[2025-06-12 22:53:01]   - 회차번호: 84
[2025-06-12 22:53:01]   - 상태: betting
[2025-06-12 22:53:01]   - 종료시간: 2025-06-12 22:52:42
[2025-06-12 22:53:01]   - 현재시간: 2025-06-12 22:53:01
[2025-06-12 22:53:01] ⏰ 회차 84 베팅 종료 → 대기 상태
[2025-06-12 22:53:01] 🏁 === 미리 결과 버그 수정 크론잡 완료 ===
