[2025-06-12 22:28:01] === 미리 결과 크론잡 시작 ===
[2025-06-12 22:28:01] 설정 확인 - 미리결과사용: 1, 자동생성: 1, 버퍼: 10
[2025-06-12 22:28:01] 현재 회차: 68, 상태: betting
[2025-06-12 22:28:01] === 미리 결과 크론잡 완료 ===
[2025-06-12 22:29:01] === 미리 결과 크론잡 시작 ===
[2025-06-12 22:29:01] 설정 확인 - 미리결과사용: 1, 자동생성: 1, 버퍼: 10
[2025-06-12 22:29:01] 현재 회차: 68, 상태: betting
[2025-06-12 22:29:01] 회차 68 베팅 종료 -> 대기 상태
[2025-06-12 22:29:01] === 미리 결과 크론잡 완료 ===
[2025-06-12 22:30:01] === 미리 결과 크론잡 시작 ===
[2025-06-12 22:30:01] 설정 확인 - 미리결과사용: 1, 자동생성: 1, 버퍼: 10
[2025-06-12 22:30:01] 현재 회차: 69, 상태: betting
[2025-06-12 22:30:01] === 미리 결과 크론잡 완료 ===
[2025-06-12 22:31:01] === 미리 결과 크론잡 시작 ===
[2025-06-12 22:31:01] 설정 확인 - 미리결과사용: 1, 자동생성: 1, 버퍼: 10
[2025-06-12 22:31:01] 현재 회차: 69, 상태: betting
[2025-06-12 22:31:01] 회차 69 베팅 종료 -> 대기 상태
[2025-06-12 22:31:01] === 미리 결과 크론잡 완료 ===
[2025-06-12 22:32:01] === 미리 결과 크론잡 시작 ===
[2025-06-12 22:32:01] 설정 확인 - 미리결과사용: 1, 자동생성: 1, 버퍼: 10
[2025-06-12 22:32:01] 현재 회차: 70, 상태: betting
[2025-06-12 22:32:01] === 미리 결과 크론잡 완료 ===
[2025-06-12 22:33:01] === 미리 결과 크론잡 시작 ===
[2025-06-12 22:33:01] 설정 확인 - 미리결과사용: 1, 자동생성: 1, 버퍼: 10
[2025-06-12 22:33:01] 현재 회차: 70, 상태: waiting
[2025-06-12 22:33:01] === 미리 결과 크론잡 완료 ===
[2025-06-12 22:34:01] === 미리 결과 크론잡 시작 ===
[2025-06-12 22:34:01] 설정 확인 - 미리결과사용: 1, 자동생성: 1, 버퍼: 10
[2025-06-12 22:34:01] 현재 회차: 71, 상태: betting
[2025-06-12 22:34:01] === 미리 결과 크론잡 완료 ===
