[2025-06-12 21:23:51] 신청 시작: admin - charge - 100000원
[2025-06-12 21:23:51] 충전 신청 성공: request_id=1
[2025-06-12 21:24:10] 신청 시작: admin - withdraw - 100000원
[2025-06-12 21:24:10] 출금 신청 성공: request_id=2
[2025-06-12 21:42:39] 신청 시작: test - charge - 50000원
[2025-06-12 21:42:39] 충전 신청 성공: request_id=3
[2025-06-12 22:02:14] 신청 시작: admin - charge - 10000원
[2025-06-12 22:02:14] 충전 신청 성공: request_id=4
[2025-06-13 00:58:05] 신청 시작: admin - charge - 1231212원
[2025-06-13 00:58:08] 신청 시작: admin - charge - 100000원
[2025-06-13 00:58:08] 충전 신청 성공: request_id=5
[2025-06-13 01:52:04] 신청 시작: admin - charge - 30000원
[2025-06-13 01:52:04] 충전 신청 성공: request_id=6
[2025-06-13 01:52:31] 신청 시작: admin - withdraw - 30000원
[2025-06-13 15:12:59] 신청 시작: kiki309 - charge - 50000원
[2025-06-13 15:12:59] 충전 신청 성공: request_id=7
[2025-06-13 23:02:20] 신청 시작: admin - charge - 5000000원
[2025-06-13 23:02:26] 신청 시작: admin - charge - 5000000원
[2025-06-13 23:03:01] 신청 시작: admin - charge - 1000000원
[2025-06-13 23:03:01] 충전 신청 성공: request_id=8
[2025-06-13 23:03:25] 신청 시작: admin - charge - 5000000원
[2025-06-13 23:03:55] 신청 시작: admin - withdraw - 3000000원
[2025-06-13 23:06:38] 신청 시작: admin - withdraw - 3000000원
[2025-06-13 23:06:40] 신청 시작: admin - withdraw - 3000000원
[2025-06-13 23:09:48] 신청 시작: admin - withdraw - 3000000원
[2025-06-13 23:10:31] 신청 시작: admin - withdraw - 1000000원
[2025-06-13 23:10:31] 출금 신청 성공: request_id=9, 포인트 1000000P 차감
[2025-06-13 23:10:40] 신청 시작: admin - withdraw - 1000000원
[2025-06-13 23:10:40] 출금 신청 성공: request_id=10, 포인트 1000000P 차감
[2025-06-13 23:19:54] 신청 시작: admin - withdraw - 1000000원
[2025-06-13 23:19:54] 출금 신청 성공: request_id=11, 포인트 1000000P 차감
[2025-06-13 23:23:34] 신청 시작: admin - withdraw - 1000000원
[2025-06-13 23:23:34] 출금 신청 성공: request_id=12, 포인트 1000000P 차감
[2025-06-13 23:27:33] 신청 시작: admin - withdraw - 1000000원
[2025-06-13 23:29:34] 신청 시작: admin - withdraw - 1000000원
[2025-06-13 23:29:34] 출금 신청 성공: request_id=14 (포인트 차감 없음)
[2025-06-14 13:14:57] 신청 시작: kiki309 - charge - 30000원
[2025-06-14 13:14:57] 충전 신청 성공: request_id=15
[2025-06-14 13:16:57] 신청 시작: kiki309 - withdraw - 200000원
[2025-06-14 13:16:57] 출금 신청 성공: request_id=16 (포인트 차감 없음)
[2025-06-14 13:18:01] 신청 시작: kiki309 - withdraw - 100000원
[2025-06-14 13:18:01] 출금 신청 성공: request_id=17 (포인트 차감 없음)
[2025-06-14 14:04:46] 신청 시작: dddd123 - charge - 40000원
[2025-06-14 14:04:46] 충전 신청 성공: request_id=18
[2025-06-14 20:44:08] 신청 시작: dddd123 - withdraw - 40000원
[2025-06-14 20:44:08] 출금 신청 성공: request_id=19 (포인트 차감 없음)
[2025-06-14 20:44:52] 신청 시작: dddd123 - charge - 150000원
[2025-06-14 20:44:52] 충전 신청 성공: request_id=20
[2025-06-17 21:51:54] 신청 시작: admin - charge - 50000원
[2025-06-17 21:51:54] 충전 신청 성공: request_id=21
